[ 2018-07-03T11:22:49+08:00 ] 127.0.0.1 /
INFO: [ app_init ] --START--
INFO: Run Behavior\BuildLiteBehavior [ RunTime:0.000012s ]
INFO: [ app_init ] --END-- [ RunTime:0.000421s ]
INFO: [ app_begin ] --START--
INFO: Run Behavior\ReadHtmlCacheBehavior [ RunTime:0.001038s ]
INFO: [ app_begin ] --END-- [ RunTime:0.001126s ]
INFO: [ view_parse ] --START--
INFO: [ template_filter ] --START--
INFO: Run Behavior\ContentReplaceBehavior [ RunTime:0.000128s ]
INFO: [ template_filter ] --END-- [ RunTime:0.000172s ]
NOTIC: [8] Undefined variable: goods_tj D:\Software\phpstudy\PHPTutorial\WWW\thinkphp\Application\Runtime\Cache\Home\2a94b8bda04ff446dcedd42276fc99ee.php 第 795 行.
NOTIC: [8] Undefined variable: goods_dn D:\Software\phpstudy\PHPTutorial\WWW\thinkphp\Application\Runtime\Cache\Home\2a94b8bda04ff446dcedd42276fc99ee.php 第 807 行.
INFO: Run Behavior\ParseTemplateBehavior [ RunTime:0.050832s ]
INFO: [ view_parse ] --END-- [ RunTime:0.050871s ]
INFO: [ view_filter ] --START--
INFO: Run Behavior\WriteHtmlCacheBehavior [ RunTime:0.000562s ]
INFO: [ view_filter ] --END-- [ RunTime:0.000590s ]
INFO: [ app_end ] --START--
INFO: Run Behavior\ShowPageTraceBehavior [ RunTime:0.000875s ]
INFO: [ app_end ] --END-- [ RunTime:0.000906s ]

[ 2018-07-03T11:23:54+08:00 ] 127.0.0.1 /
INFO: [ app_init ] --START--
INFO: Run Behavior\BuildLiteBehavior [ RunTime:0.000012s ]
INFO: [ app_init ] --END-- [ RunTime:0.000383s ]
INFO: [ app_begin ] --START--
INFO: Run Behavior\ReadHtmlCacheBehavior [ RunTime:0.000741s ]
INFO: [ app_begin ] --END-- [ RunTime:0.000777s ]
INFO: [ view_parse ] --START--
INFO: [ template_filter ] --START--
INFO: Run Behavior\ContentReplaceBehavior [ RunTime:0.000120s ]
INFO: [ template_filter ] --END-- [ RunTime:0.000161s ]
NOTIC: [8] Undefined variable: goods_tj D:\Software\phpstudy\PHPTutorial\WWW\thinkphp\Application\Runtime\Cache\Home\2a94b8bda04ff446dcedd42276fc99ee.php 第 795 行.
NOTIC: [8] Undefined variable: goods_dn D:\Software\phpstudy\PHPTutorial\WWW\thinkphp\Application\Runtime\Cache\Home\2a94b8bda04ff446dcedd42276fc99ee.php 第 807 行.
INFO: Run Behavior\ParseTemplateBehavior [ RunTime:0.038666s ]
INFO: [ view_parse ] --END-- [ RunTime:0.038702s ]
INFO: [ view_filter ] --START--
INFO: Run Behavior\WriteHtmlCacheBehavior [ RunTime:0.000543s ]
INFO: [ view_filter ] --END-- [ RunTime:0.000591s ]
INFO: [ app_end ] --START--
INFO: Run Behavior\ShowPageTraceBehavior [ RunTime:0.001481s ]
INFO: [ app_end ] --END-- [ RunTime:0.001549s ]

[ 2018-07-03T11:23:56+08:00 ] 127.0.0.1 /
INFO: [ app_init ] --START--
INFO: Run Behavior\BuildLiteBehavior [ RunTime:0.000011s ]
INFO: [ app_init ] --END-- [ RunTime:0.000324s ]
INFO: [ app_begin ] --START--
INFO: Run Behavior\ReadHtmlCacheBehavior [ RunTime:0.000473s ]
INFO: [ app_begin ] --END-- [ RunTime:0.000536s ]
INFO: [ view_parse ] --START--
INFO: [ template_filter ] --START--
INFO: Run Behavior\ContentReplaceBehavior [ RunTime:0.000122s ]
INFO: [ template_filter ] --END-- [ RunTime:0.000162s ]
NOTIC: [8] Undefined variable: goods_tj D:\Software\phpstudy\PHPTutorial\WWW\thinkphp\Application\Runtime\Cache\Home\2a94b8bda04ff446dcedd42276fc99ee.php 第 795 行.
NOTIC: [8] Undefined variable: goods_dn D:\Software\phpstudy\PHPTutorial\WWW\thinkphp\Application\Runtime\Cache\Home\2a94b8bda04ff446dcedd42276fc99ee.php 第 807 行.
INFO: Run Behavior\ParseTemplateBehavior [ RunTime:0.040316s ]
INFO: [ view_parse ] --END-- [ RunTime:0.040378s ]
INFO: [ view_filter ] --START--
INFO: Run Behavior\WriteHtmlCacheBehavior [ RunTime:0.000307s ]
INFO: [ view_filter ] --END-- [ RunTime:0.000336s ]
INFO: [ app_end ] --START--
INFO: Run Behavior\ShowPageTraceBehavior [ RunTime:0.000533s ]
INFO: [ app_end ] --END-- [ RunTime:0.000566s ]

[ 2018-07-03T11:23:58+08:00 ] 127.0.0.1 /
INFO: [ app_init ] --START--
INFO: Run Behavior\BuildLiteBehavior [ RunTime:0.000016s ]
INFO: [ app_init ] --END-- [ RunTime:0.001231s ]
INFO: [ app_begin ] --START--
INFO: Run Behavior\ReadHtmlCacheBehavior [ RunTime:0.000458s ]
INFO: [ app_begin ] --END-- [ RunTime:0.000495s ]
INFO: [ view_parse ] --START--
INFO: [ template_filter ] --START--
INFO: Run Behavior\ContentReplaceBehavior [ RunTime:0.000124s ]
INFO: [ template_filter ] --END-- [ RunTime:0.000170s ]
NOTIC: [8] Undefined variable: goods_tj D:\Software\phpstudy\PHPTutorial\WWW\thinkphp\Application\Runtime\Cache\Home\2a94b8bda04ff446dcedd42276fc99ee.php 第 795 行.
NOTIC: [8] Undefined variable: goods_dn D:\Software\phpstudy\PHPTutorial\WWW\thinkphp\Application\Runtime\Cache\Home\2a94b8bda04ff446dcedd42276fc99ee.php 第 807 行.
INFO: Run Behavior\ParseTemplateBehavior [ RunTime:0.038361s ]
INFO: [ view_parse ] --END-- [ RunTime:0.038396s ]
INFO: [ view_filter ] --START--
INFO: Run Behavior\WriteHtmlCacheBehavior [ RunTime:0.000267s ]
INFO: [ view_filter ] --END-- [ RunTime:0.000295s ]
INFO: [ app_end ] --START--
INFO: Run Behavior\ShowPageTraceBehavior [ RunTime:0.000792s ]
INFO: [ app_end ] --END-- [ RunTime:0.000849s ]

[ 2018-07-03T11:23:59+08:00 ] 127.0.0.1 /
INFO: [ app_init ] --START--
INFO: Run Behavior\BuildLiteBehavior [ RunTime:0.000011s ]
INFO: [ app_init ] --END-- [ RunTime:0.000322s ]
INFO: [ app_begin ] --START--
INFO: Run Behavior\ReadHtmlCacheBehavior [ RunTime:0.000492s ]
INFO: [ app_begin ] --END-- [ RunTime:0.000528s ]
INFO: [ view_parse ] --START--
INFO: [ template_filter ] --START--
INFO: Run Behavior\ContentReplaceBehavior [ RunTime:0.000119s ]
INFO: [ template_filter ] --END-- [ RunTime:0.000159s ]
NOTIC: [8] Undefined variable: goods_tj D:\Software\phpstudy\PHPTutorial\WWW\thinkphp\Application\Runtime\Cache\Home\2a94b8bda04ff446dcedd42276fc99ee.php 第 795 行.
NOTIC: [8] Undefined variable: goods_dn D:\Software\phpstudy\PHPTutorial\WWW\thinkphp\Application\Runtime\Cache\Home\2a94b8bda04ff446dcedd42276fc99ee.php 第 807 行.
INFO: Run Behavior\ParseTemplateBehavior [ RunTime:0.037675s ]
INFO: [ view_parse ] --END-- [ RunTime:0.037710s ]
INFO: [ view_filter ] --START--
INFO: Run Behavior\WriteHtmlCacheBehavior [ RunTime:0.000241s ]
INFO: [ view_filter ] --END-- [ RunTime:0.000270s ]
INFO: [ app_end ] --START--
INFO: Run Behavior\ShowPageTraceBehavior [ RunTime:0.000756s ]
INFO: [ app_end ] --END-- [ RunTime:0.000805s ]

[ 2018-07-03T11:24:04+08:00 ] 127.0.0.1 /
INFO: [ app_init ] --START--
INFO: Run Behavior\BuildLiteBehavior [ RunTime:0.000012s ]
INFO: [ app_init ] --END-- [ RunTime:0.000325s ]
INFO: [ app_begin ] --START--
INFO: Run Behavior\ReadHtmlCacheBehavior [ RunTime:0.000534s ]
INFO: [ app_begin ] --END-- [ RunTime:0.000570s ]
INFO: [ view_parse ] --START--
INFO: [ template_filter ] --START--
INFO: Run Behavior\ContentReplaceBehavior [ RunTime:0.000122s ]
INFO: [ template_filter ] --END-- [ RunTime:0.000168s ]
NOTIC: [8] Undefined variable: goods_tj D:\Software\phpstudy\PHPTutorial\WWW\thinkphp\Application\Runtime\Cache\Home\2a94b8bda04ff446dcedd42276fc99ee.php 第 795 行.
NOTIC: [8] Undefined variable: goods_dn D:\Software\phpstudy\PHPTutorial\WWW\thinkphp\Application\Runtime\Cache\Home\2a94b8bda04ff446dcedd42276fc99ee.php 第 807 行.
INFO: Run Behavior\ParseTemplateBehavior [ RunTime:0.038223s ]
INFO: [ view_parse ] --END-- [ RunTime:0.038258s ]
INFO: [ view_filter ] --START--
INFO: Run Behavior\WriteHtmlCacheBehavior [ RunTime:0.000241s ]
INFO: [ view_filter ] --END-- [ RunTime:0.000267s ]
INFO: [ app_end ] --START--
INFO: Run Behavior\ShowPageTraceBehavior [ RunTime:0.000935s ]
INFO: [ app_end ] --END-- [ RunTime:0.001008s ]

[ 2018-07-03T11:24:05+08:00 ] 127.0.0.1 /
INFO: [ app_init ] --START--
INFO: Run Behavior\BuildLiteBehavior [ RunTime:0.000012s ]
INFO: [ app_init ] --END-- [ RunTime:0.000408s ]
INFO: [ app_begin ] --START--
INFO: Run Behavior\ReadHtmlCacheBehavior [ RunTime:0.000494s ]
INFO: [ app_begin ] --END-- [ RunTime:0.000530s ]
INFO: [ view_parse ] --START--
INFO: [ template_filter ] --START--
INFO: Run Behavior\ContentReplaceBehavior [ RunTime:0.000124s ]
INFO: [ template_filter ] --END-- [ RunTime:0.000169s ]
NOTIC: [8] Undefined variable: goods_tj D:\Software\phpstudy\PHPTutorial\WWW\thinkphp\Application\Runtime\Cache\Home\2a94b8bda04ff446dcedd42276fc99ee.php 第 795 行.
NOTIC: [8] Undefined variable: goods_dn D:\Software\phpstudy\PHPTutorial\WWW\thinkphp\Application\Runtime\Cache\Home\2a94b8bda04ff446dcedd42276fc99ee.php 第 807 行.
INFO: Run Behavior\ParseTemplateBehavior [ RunTime:0.035439s ]
INFO: [ view_parse ] --END-- [ RunTime:0.035476s ]
INFO: [ view_filter ] --START--
INFO: Run Behavior\WriteHtmlCacheBehavior [ RunTime:0.000245s ]
INFO: [ view_filter ] --END-- [ RunTime:0.000273s ]
INFO: [ app_end ] --START--
INFO: Run Behavior\ShowPageTraceBehavior [ RunTime:0.000973s ]
INFO: [ app_end ] --END-- [ RunTime:0.001052s ]

[ 2018-07-03T11:24:11+08:00 ] 127.0.0.1 /
INFO: [ app_init ] --START--
INFO: Run Behavior\BuildLiteBehavior [ RunTime:0.000011s ]
INFO: [ app_init ] --END-- [ RunTime:0.000311s ]
INFO: [ app_begin ] --START--
INFO: Run Behavior\ReadHtmlCacheBehavior [ RunTime:0.000436s ]
INFO: [ app_begin ] --END-- [ RunTime:0.000471s ]
INFO: [ view_parse ] --START--
INFO: [ template_filter ] --START--
INFO: Run Behavior\ContentReplaceBehavior [ RunTime:0.000132s ]
INFO: [ template_filter ] --END-- [ RunTime:0.000192s ]
NOTIC: [8] Undefined variable: goods_tj D:\Software\phpstudy\PHPTutorial\WWW\thinkphp\Application\Runtime\Cache\Home\2a94b8bda04ff446dcedd42276fc99ee.php 第 795 行.
NOTIC: [8] Undefined variable: goods_dn D:\Software\phpstudy\PHPTutorial\WWW\thinkphp\Application\Runtime\Cache\Home\2a94b8bda04ff446dcedd42276fc99ee.php 第 807 行.
INFO: Run Behavior\ParseTemplateBehavior [ RunTime:0.036831s ]
INFO: [ view_parse ] --END-- [ RunTime:0.036870s ]
INFO: [ view_filter ] --START--
INFO: Run Behavior\WriteHtmlCacheBehavior [ RunTime:0.000547s ]
INFO: [ view_filter ] --END-- [ RunTime:0.000616s ]
INFO: [ app_end ] --START--
INFO: Run Behavior\ShowPageTraceBehavior [ RunTime:0.000869s ]
INFO: [ app_end ] --END-- [ RunTime:0.000944s ]

[ 2018-07-03T14:40:16+08:00 ] 127.0.0.1 /
INFO: [ app_init ] --START--
INFO: Run Behavior\BuildLiteBehavior [ RunTime:0.000013s ]
INFO: [ app_init ] --END-- [ RunTime:0.000570s ]
INFO: [ app_begin ] --START--
INFO: Run Behavior\ReadHtmlCacheBehavior [ RunTime:0.000845s ]
INFO: [ app_begin ] --END-- [ RunTime:0.000884s ]
SQL: SHOW COLUMNS FROM `sp_goods` [ RunTime:0.0008s ]
SQL: SELECT * FROM `sp_goods` WHERE ( goods_isdel="上架" and goods_tj=1 )  [ RunTime:0.0003s ]
INFO: [ view_parse ] --START--
INFO: [ template_filter ] --START--
INFO: Run Behavior\ContentReplaceBehavior [ RunTime:0.000129s ]
INFO: [ template_filter ] --END-- [ RunTime:0.000177s ]
NOTIC: [8] Use of undefined constant goods_id - assumed 'goods_id' D:\Software\phpstudy\PHPTutorial\WWW\thinkphp\Application\Runtime\Cache\Home\2a94b8bda04ff446dcedd42276fc99ee.php 第 797 行.
NOTIC: [8] Use of undefined constant goods_id - assumed 'goods_id' D:\Software\phpstudy\PHPTutorial\WWW\thinkphp\Application\Runtime\Cache\Home\2a94b8bda04ff446dcedd42276fc99ee.php 第 798 行.
NOTIC: [8] Undefined variable: goods_dn D:\Software\phpstudy\PHPTutorial\WWW\thinkphp\Application\Runtime\Cache\Home\2a94b8bda04ff446dcedd42276fc99ee.php 第 807 行.
INFO: Run Behavior\ParseTemplateBehavior [ RunTime:0.042603s ]
INFO: [ view_parse ] --END-- [ RunTime:0.042642s ]
INFO: [ view_filter ] --START--
INFO: Run Behavior\WriteHtmlCacheBehavior [ RunTime:0.000541s ]
INFO: [ view_filter ] --END-- [ RunTime:0.000575s ]
INFO: [ app_end ] --START--
INFO: Run Behavior\ShowPageTraceBehavior [ RunTime:0.001072s ]
INFO: [ app_end ] --END-- [ RunTime:0.001115s ]

[ 2018-07-03T14:45:24+08:00 ] 127.0.0.1 /
INFO: [ app_init ] --START--
INFO: Run Behavior\BuildLiteBehavior [ RunTime:0.000011s ]
INFO: [ app_init ] --END-- [ RunTime:0.000398s ]
INFO: [ app_begin ] --START--
INFO: Run Behavior\ReadHtmlCacheBehavior [ RunTime:0.000778s ]
INFO: [ app_begin ] --END-- [ RunTime:0.000850s ]
SQL: SHOW COLUMNS FROM `sp_goods` [ RunTime:0.0040s ]
SQL: SELECT * FROM `sp_goods` WHERE ( goods_isdel="上架" and goods_tj=1 )  [ RunTime:0.0003s ]
INFO: [ view_parse ] --START--
INFO: [ template_filter ] --START--
INFO: Run Behavior\ContentReplaceBehavior [ RunTime:0.000125s ]
INFO: [ template_filter ] --END-- [ RunTime:0.000192s ]
NOTIC: [8] Use of undefined constant goods_id - assumed 'goods_id' D:\Software\phpstudy\PHPTutorial\WWW\thinkphp\Application\Runtime\Cache\Home\2a94b8bda04ff446dcedd42276fc99ee.php 第 797 行.
NOTIC: [8] Use of undefined constant goods_id - assumed 'goods_id' D:\Software\phpstudy\PHPTutorial\WWW\thinkphp\Application\Runtime\Cache\Home\2a94b8bda04ff446dcedd42276fc99ee.php 第 798 行.
NOTIC: [8] Use of undefined constant goods_id - assumed 'goods_id' D:\Software\phpstudy\PHPTutorial\WWW\thinkphp\Application\Runtime\Cache\Home\2a94b8bda04ff446dcedd42276fc99ee.php 第 797 行.
NOTIC: [8] Use of undefined constant goods_id - assumed 'goods_id' D:\Software\phpstudy\PHPTutorial\WWW\thinkphp\Application\Runtime\Cache\Home\2a94b8bda04ff446dcedd42276fc99ee.php 第 798 行.
NOTIC: [8] Undefined variable: goods_dn D:\Software\phpstudy\PHPTutorial\WWW\thinkphp\Application\Runtime\Cache\Home\2a94b8bda04ff446dcedd42276fc99ee.php 第 807 行.
INFO: Run Behavior\ParseTemplateBehavior [ RunTime:0.055210s ]
INFO: [ view_parse ] --END-- [ RunTime:0.055247s ]
INFO: [ view_filter ] --START--
INFO: Run Behavior\WriteHtmlCacheBehavior [ RunTime:0.000561s ]
INFO: [ view_filter ] --END-- [ RunTime:0.000590s ]
INFO: [ app_end ] --START--
INFO: Run Behavior\ShowPageTraceBehavior [ RunTime:0.000966s ]
INFO: [ app_end ] --END-- [ RunTime:0.001003s ]

[ 2018-07-03T14:48:26+08:00 ] 127.0.0.1 /
INFO: [ app_init ] --START--
INFO: Run Behavior\BuildLiteBehavior [ RunTime:0.000011s ]
INFO: [ app_init ] --END-- [ RunTime:0.000438s ]
INFO: [ app_begin ] --START--
INFO: Run Behavior\ReadHtmlCacheBehavior [ RunTime:0.000804s ]
INFO: [ app_begin ] --END-- [ RunTime:0.000841s ]
SQL: SHOW COLUMNS FROM `sp_goods` [ RunTime:0.0008s ]
SQL: SELECT * FROM `sp_goods` WHERE ( goods_isdel="上架" and goods_tj=1 )  [ RunTime:0.0003s ]
SQL: SELECT * FROM `sp_goods` WHERE ( goods_isdel="上架" and goods_cateid=3 )  [ RunTime:0.0002s ]
INFO: [ view_parse ] --START--
INFO: [ template_filter ] --START--
INFO: Run Behavior\ContentReplaceBehavior [ RunTime:0.000123s ]
INFO: [ template_filter ] --END-- [ RunTime:0.000165s ]
NOTIC: [8] Use of undefined constant goods_id - assumed 'goods_id' D:\Software\phpstudy\PHPTutorial\WWW\thinkphp\Application\Runtime\Cache\Home\2a94b8bda04ff446dcedd42276fc99ee.php 第 797 行.
NOTIC: [8] Use of undefined constant goods_id - assumed 'goods_id' D:\Software\phpstudy\PHPTutorial\WWW\thinkphp\Application\Runtime\Cache\Home\2a94b8bda04ff446dcedd42276fc99ee.php 第 798 行.
NOTIC: [8] Use of undefined constant goods_id - assumed 'goods_id' D:\Software\phpstudy\PHPTutorial\WWW\thinkphp\Application\Runtime\Cache\Home\2a94b8bda04ff446dcedd42276fc99ee.php 第 797 行.
NOTIC: [8] Use of undefined constant goods_id - assumed 'goods_id' D:\Software\phpstudy\PHPTutorial\WWW\thinkphp\Application\Runtime\Cache\Home\2a94b8bda04ff446dcedd42276fc99ee.php 第 798 行.
NOTIC: [8] Use of undefined constant goods_id - assumed 'goods_id' D:\Software\phpstudy\PHPTutorial\WWW\thinkphp\Application\Runtime\Cache\Home\2a94b8bda04ff446dcedd42276fc99ee.php 第 809 行.
NOTIC: [8] Use of undefined constant goods_id - assumed 'goods_id' D:\Software\phpstudy\PHPTutorial\WWW\thinkphp\Application\Runtime\Cache\Home\2a94b8bda04ff446dcedd42276fc99ee.php 第 810 行.
INFO: Run Behavior\ParseTemplateBehavior [ RunTime:0.045354s ]
INFO: [ view_parse ] --END-- [ RunTime:0.045392s ]
INFO: [ view_filter ] --START--
INFO: Run Behavior\WriteHtmlCacheBehavior [ RunTime:0.000554s ]
INFO: [ view_filter ] --END-- [ RunTime:0.000584s ]
INFO: [ app_end ] --START--
INFO: Run Behavior\ShowPageTraceBehavior [ RunTime:0.001068s ]
INFO: [ app_end ] --END-- [ RunTime:0.001127s ]

[ 2018-07-03T14:50:02+08:00 ] 127.0.0.1 /
INFO: [ app_init ] --START--
INFO: Run Behavior\BuildLiteBehavior [ RunTime:0.000013s ]
INFO: [ app_init ] --END-- [ RunTime:0.000420s ]
INFO: [ app_begin ] --START--
INFO: Run Behavior\ReadHtmlCacheBehavior [ RunTime:0.000797s ]
INFO: [ app_begin ] --END-- [ RunTime:0.000834s ]
SQL: SHOW COLUMNS FROM `sp_goods` [ RunTime:0.0009s ]
SQL: SELECT * FROM `sp_goods` WHERE ( goods_isdel="上架" and goods_tj=1 )  [ RunTime:0.0003s ]
SQL: SELECT * FROM `sp_goods` WHERE ( goods_isdel="上架" and goods_cateid=3 ) LIMIT 0,8   [ RunTime:0.0002s ]
INFO: [ view_parse ] --START--
INFO: [ template_filter ] --START--
INFO: Run Behavior\ContentReplaceBehavior [ RunTime:0.000192s ]
INFO: [ template_filter ] --END-- [ RunTime:0.000270s ]
NOTIC: [8] Use of undefined constant goods_id - assumed 'goods_id' D:\Software\phpstudy\PHPTutorial\WWW\thinkphp\Application\Runtime\Cache\Home\2a94b8bda04ff446dcedd42276fc99ee.php 第 797 行.
NOTIC: [8] Use of undefined constant goods_id - assumed 'goods_id' D:\Software\phpstudy\PHPTutorial\WWW\thinkphp\Application\Runtime\Cache\Home\2a94b8bda04ff446dcedd42276fc99ee.php 第 798 行.
NOTIC: [8] Use of undefined constant goods_id - assumed 'goods_id' D:\Software\phpstudy\PHPTutorial\WWW\thinkphp\Application\Runtime\Cache\Home\2a94b8bda04ff446dcedd42276fc99ee.php 第 797 行.
NOTIC: [8] Use of undefined constant goods_id - assumed 'goods_id' D:\Software\phpstudy\PHPTutorial\WWW\thinkphp\Application\Runtime\Cache\Home\2a94b8bda04ff446dcedd42276fc99ee.php 第 798 行.
NOTIC: [8] Use of undefined constant goods_id - assumed 'goods_id' D:\Software\phpstudy\PHPTutorial\WWW\thinkphp\Application\Runtime\Cache\Home\2a94b8bda04ff446dcedd42276fc99ee.php 第 809 行.
NOTIC: [8] Use of undefined constant goods_id - assumed 'goods_id' D:\Software\phpstudy\PHPTutorial\WWW\thinkphp\Application\Runtime\Cache\Home\2a94b8bda04ff446dcedd42276fc99ee.php 第 810 行.
INFO: Run Behavior\ParseTemplateBehavior [ RunTime:0.040251s ]
INFO: [ view_parse ] --END-- [ RunTime:0.040318s ]
INFO: [ view_filter ] --START--
INFO: Run Behavior\WriteHtmlCacheBehavior [ RunTime:0.000541s ]
INFO: [ view_filter ] --END-- [ RunTime:0.000571s ]
INFO: [ app_end ] --START--
INFO: Run Behavior\ShowPageTraceBehavior [ RunTime:0.000921s ]
INFO: [ app_end ] --END-- [ RunTime:0.000956s ]

[ 2018-07-03T14:50:13+08:00 ] 127.0.0.1 /index.php/Home/Index/detail/id/1.html
INFO: [ app_init ] --START--
INFO: Run Behavior\BuildLiteBehavior [ RunTime:0.000036s ]
INFO: [ app_init ] --END-- [ RunTime:0.000442s ]
INFO: [ app_begin ] --START--
INFO: Run Behavior\ReadHtmlCacheBehavior [ RunTime:0.001067s ]
INFO: [ app_begin ] --END-- [ RunTime:0.001148s ]
INFO: [ view_parse ] --START--
INFO: [ template_filter ] --START--
INFO: Run Behavior\ContentReplaceBehavior [ RunTime:0.000219s ]
INFO: [ template_filter ] --END-- [ RunTime:0.000281s ]
NOTIC: [8] Undefined variable: goods_info D:\Software\phpstudy\PHPTutorial\WWW\thinkphp\Application\Runtime\Cache\Home\1223f42a89e823bf89547594651162de.php 第 571 行.
NOTIC: [8] Undefined variable: goods_info D:\Software\phpstudy\PHPTutorial\WWW\thinkphp\Application\Runtime\Cache\Home\1223f42a89e823bf89547594651162de.php 第 639 行.
NOTIC: [8] Undefined variable: goods_info D:\Software\phpstudy\PHPTutorial\WWW\thinkphp\Application\Runtime\Cache\Home\1223f42a89e823bf89547594651162de.php 第 640 行.
NOTIC: [8] Undefined variable: goods_info D:\Software\phpstudy\PHPTutorial\WWW\thinkphp\Application\Runtime\Cache\Home\1223f42a89e823bf89547594651162de.php 第 641 行.
NOTIC: [8] Undefined variable: goods_info D:\Software\phpstudy\PHPTutorial\WWW\thinkphp\Application\Runtime\Cache\Home\1223f42a89e823bf89547594651162de.php 第 642 行.
NOTIC: [2] date() expects parameter 2 to be long, string given D:\Software\phpstudy\PHPTutorial\WWW\thinkphp\Application\Runtime\Cache\Home\1223f42a89e823bf89547594651162de.php 第 642 行.
NOTIC: [8] Undefined variable: goods_info D:\Software\phpstudy\PHPTutorial\WWW\thinkphp\Application\Runtime\Cache\Home\1223f42a89e823bf89547594651162de.php 第 731 行.
INFO: Run Behavior\ParseTemplateBehavior [ RunTime:0.126194s ]
INFO: [ view_parse ] --END-- [ RunTime:0.126228s ]
INFO: [ view_filter ] --START--
INFO: Run Behavior\WriteHtmlCacheBehavior [ RunTime:0.000545s ]
INFO: [ view_filter ] --END-- [ RunTime:0.000574s ]
INFO: [ app_end ] --START--
INFO: Run Behavior\ShowPageTraceBehavior [ RunTime:0.001195s ]
INFO: [ app_end ] --END-- [ RunTime:0.001236s ]

[ 2018-07-03T14:53:54+08:00 ] 127.0.0.1 /index.php/Home/Index/detail/id/1.html
INFO: [ app_init ] --START--
INFO: Run Behavior\BuildLiteBehavior [ RunTime:0.000011s ]
INFO: [ app_init ] --END-- [ RunTime:0.000393s ]
INFO: [ app_begin ] --START--
INFO: Run Behavior\ReadHtmlCacheBehavior [ RunTime:0.000860s ]
INFO: [ app_begin ] --END-- [ RunTime:0.000910s ]
INFO: [ view_parse ] --START--
INFO: [ template_filter ] --START--
INFO: Run Behavior\ContentReplaceBehavior [ RunTime:0.000143s ]
INFO: [ template_filter ] --END-- [ RunTime:0.000181s ]
NOTIC: [8] Undefined variable: goods_info D:\Software\phpstudy\PHPTutorial\WWW\thinkphp\Application\Runtime\Cache\Home\1223f42a89e823bf89547594651162de.php 第 571 行.
NOTIC: [8] Undefined variable: goods_info D:\Software\phpstudy\PHPTutorial\WWW\thinkphp\Application\Runtime\Cache\Home\1223f42a89e823bf89547594651162de.php 第 639 行.
NOTIC: [8] Undefined variable: goods_info D:\Software\phpstudy\PHPTutorial\WWW\thinkphp\Application\Runtime\Cache\Home\1223f42a89e823bf89547594651162de.php 第 640 行.
NOTIC: [8] Undefined variable: goods_info D:\Software\phpstudy\PHPTutorial\WWW\thinkphp\Application\Runtime\Cache\Home\1223f42a89e823bf89547594651162de.php 第 641 行.
NOTIC: [8] Undefined variable: goods_info D:\Software\phpstudy\PHPTutorial\WWW\thinkphp\Application\Runtime\Cache\Home\1223f42a89e823bf89547594651162de.php 第 642 行.
NOTIC: [2] date() expects parameter 2 to be long, string given D:\Software\phpstudy\PHPTutorial\WWW\thinkphp\Application\Runtime\Cache\Home\1223f42a89e823bf89547594651162de.php 第 642 行.
NOTIC: [8] Undefined variable: goods_info D:\Software\phpstudy\PHPTutorial\WWW\thinkphp\Application\Runtime\Cache\Home\1223f42a89e823bf89547594651162de.php 第 731 行.
INFO: Run Behavior\ParseTemplateBehavior [ RunTime:0.042246s ]
INFO: [ view_parse ] --END-- [ RunTime:0.042336s ]
INFO: [ view_filter ] --START--
INFO: Run Behavior\WriteHtmlCacheBehavior [ RunTime:0.000695s ]
INFO: [ view_filter ] --END-- [ RunTime:0.000740s ]
INFO: [ app_end ] --START--
INFO: Run Behavior\ShowPageTraceBehavior [ RunTime:0.001219s ]
INFO: [ app_end ] --END-- [ RunTime:0.001257s ]

[ 2018-07-03T14:54:01+08:00 ] 127.0.0.1 /index.php/Home/Index/detail/id/2.html
INFO: [ app_init ] --START--
INFO: Run Behavior\BuildLiteBehavior [ RunTime:0.000012s ]
INFO: [ app_init ] --END-- [ RunTime:0.000392s ]
INFO: [ app_begin ] --START--
INFO: Run Behavior\ReadHtmlCacheBehavior [ RunTime:0.001092s ]
INFO: [ app_begin ] --END-- [ RunTime:0.001179s ]
INFO: [ view_parse ] --START--
INFO: [ template_filter ] --START--
INFO: Run Behavior\ContentReplaceBehavior [ RunTime:0.000143s ]
INFO: [ template_filter ] --END-- [ RunTime:0.000182s ]
NOTIC: [8] Undefined variable: goods_info D:\Software\phpstudy\PHPTutorial\WWW\thinkphp\Application\Runtime\Cache\Home\1223f42a89e823bf89547594651162de.php 第 571 行.
NOTIC: [8] Undefined variable: goods_info D:\Software\phpstudy\PHPTutorial\WWW\thinkphp\Application\Runtime\Cache\Home\1223f42a89e823bf89547594651162de.php 第 639 行.
NOTIC: [8] Undefined variable: goods_info D:\Software\phpstudy\PHPTutorial\WWW\thinkphp\Application\Runtime\Cache\Home\1223f42a89e823bf89547594651162de.php 第 640 行.
NOTIC: [8] Undefined variable: goods_info D:\Software\phpstudy\PHPTutorial\WWW\thinkphp\Application\Runtime\Cache\Home\1223f42a89e823bf89547594651162de.php 第 641 行.
NOTIC: [8] Undefined variable: goods_info D:\Software\phpstudy\PHPTutorial\WWW\thinkphp\Application\Runtime\Cache\Home\1223f42a89e823bf89547594651162de.php 第 642 行.
NOTIC: [2] date() expects parameter 2 to be long, string given D:\Software\phpstudy\PHPTutorial\WWW\thinkphp\Application\Runtime\Cache\Home\1223f42a89e823bf89547594651162de.php 第 642 行.
NOTIC: [8] Undefined variable: goods_info D:\Software\phpstudy\PHPTutorial\WWW\thinkphp\Application\Runtime\Cache\Home\1223f42a89e823bf89547594651162de.php 第 731 行.
INFO: Run Behavior\ParseTemplateBehavior [ RunTime:0.041815s ]
INFO: [ view_parse ] --END-- [ RunTime:0.041853s ]
INFO: [ view_filter ] --START--
INFO: Run Behavior\WriteHtmlCacheBehavior [ RunTime:0.000533s ]
INFO: [ view_filter ] --END-- [ RunTime:0.000562s ]
INFO: [ app_end ] --START--
INFO: Run Behavior\ShowPageTraceBehavior [ RunTime:0.000853s ]
INFO: [ app_end ] --END-- [ RunTime:0.000890s ]

[ 2018-07-03T14:58:49+08:00 ] 127.0.0.1 /index.php/Home/Index/detail/id/2.html
INFO: [ app_init ] --START--
INFO: Run Behavior\BuildLiteBehavior [ RunTime:0.000012s ]
INFO: [ app_init ] --END-- [ RunTime:0.000413s ]
INFO: [ app_begin ] --START--
INFO: Run Behavior\ReadHtmlCacheBehavior [ RunTime:0.000854s ]
INFO: [ app_begin ] --END-- [ RunTime:0.000895s ]
SQL: SHOW COLUMNS FROM `sp_goods` [ RunTime:0.0006s ]
SQL: SELECT * FROM `sp_goods` WHERE `goods_id` = 2 LIMIT 1   [ RunTime:0.0003s ]
INFO: [ view_parse ] --START--
INFO: [ template_filter ] --START--
INFO: Run Behavior\ContentReplaceBehavior [ RunTime:0.000157s ]
INFO: [ template_filter ] --END-- [ RunTime:0.000197s ]
NOTIC: [8] Undefined variable: goods_info D:\Software\phpstudy\PHPTutorial\WWW\thinkphp\Application\Runtime\Cache\Home\1223f42a89e823bf89547594651162de.php 第 571 行.
NOTIC: [8] Undefined variable: goods_info D:\Software\phpstudy\PHPTutorial\WWW\thinkphp\Application\Runtime\Cache\Home\1223f42a89e823bf89547594651162de.php 第 639 行.
NOTIC: [8] Undefined variable: goods_info D:\Software\phpstudy\PHPTutorial\WWW\thinkphp\Application\Runtime\Cache\Home\1223f42a89e823bf89547594651162de.php 第 640 行.
NOTIC: [8] Undefined variable: goods_info D:\Software\phpstudy\PHPTutorial\WWW\thinkphp\Application\Runtime\Cache\Home\1223f42a89e823bf89547594651162de.php 第 641 行.
NOTIC: [8] Undefined variable: goods_info D:\Software\phpstudy\PHPTutorial\WWW\thinkphp\Application\Runtime\Cache\Home\1223f42a89e823bf89547594651162de.php 第 642 行.
NOTIC: [2] date() expects parameter 2 to be long, string given D:\Software\phpstudy\PHPTutorial\WWW\thinkphp\Application\Runtime\Cache\Home\1223f42a89e823bf89547594651162de.php 第 642 行.
NOTIC: [8] Undefined variable: goods_info D:\Software\phpstudy\PHPTutorial\WWW\thinkphp\Application\Runtime\Cache\Home\1223f42a89e823bf89547594651162de.php 第 731 行.
INFO: Run Behavior\ParseTemplateBehavior [ RunTime:0.043381s ]
INFO: [ view_parse ] --END-- [ RunTime:0.043420s ]
INFO: [ view_filter ] --START--
INFO: Run Behavior\WriteHtmlCacheBehavior [ RunTime:0.000529s ]
INFO: [ view_filter ] --END-- [ RunTime:0.000558s ]
INFO: [ app_end ] --START--
INFO: Run Behavior\ShowPageTraceBehavior [ RunTime:0.001112s ]
INFO: [ app_end ] --END-- [ RunTime:0.001148s ]

[ 2018-07-03T14:58:50+08:00 ] 127.0.0.1 /index.php/Home/Index/detail/id/2.html
INFO: [ app_init ] --START--
INFO: Run Behavior\BuildLiteBehavior [ RunTime:0.000012s ]
INFO: [ app_init ] --END-- [ RunTime:0.000400s ]
INFO: [ app_begin ] --START--
INFO: Run Behavior\ReadHtmlCacheBehavior [ RunTime:0.000770s ]
INFO: [ app_begin ] --END-- [ RunTime:0.000810s ]
SQL: SHOW COLUMNS FROM `sp_goods` [ RunTime:0.0005s ]
SQL: SELECT * FROM `sp_goods` WHERE `goods_id` = 2 LIMIT 1   [ RunTime:0.0003s ]
INFO: [ view_parse ] --START--
INFO: [ template_filter ] --START--
INFO: Run Behavior\ContentReplaceBehavior [ RunTime:0.000160s ]
INFO: [ template_filter ] --END-- [ RunTime:0.000200s ]
NOTIC: [8] Undefined variable: goods_info D:\Software\phpstudy\PHPTutorial\WWW\thinkphp\Application\Runtime\Cache\Home\1223f42a89e823bf89547594651162de.php 第 571 行.
NOTIC: [8] Undefined variable: goods_info D:\Software\phpstudy\PHPTutorial\WWW\thinkphp\Application\Runtime\Cache\Home\1223f42a89e823bf89547594651162de.php 第 639 行.
NOTIC: [8] Undefined variable: goods_info D:\Software\phpstudy\PHPTutorial\WWW\thinkphp\Application\Runtime\Cache\Home\1223f42a89e823bf89547594651162de.php 第 640 行.
NOTIC: [8] Undefined variable: goods_info D:\Software\phpstudy\PHPTutorial\WWW\thinkphp\Application\Runtime\Cache\Home\1223f42a89e823bf89547594651162de.php 第 641 行.
NOTIC: [8] Undefined variable: goods_info D:\Software\phpstudy\PHPTutorial\WWW\thinkphp\Application\Runtime\Cache\Home\1223f42a89e823bf89547594651162de.php 第 642 行.
NOTIC: [2] date() expects parameter 2 to be long, string given D:\Software\phpstudy\PHPTutorial\WWW\thinkphp\Application\Runtime\Cache\Home\1223f42a89e823bf89547594651162de.php 第 642 行.
NOTIC: [8] Undefined variable: goods_info D:\Software\phpstudy\PHPTutorial\WWW\thinkphp\Application\Runtime\Cache\Home\1223f42a89e823bf89547594651162de.php 第 731 行.
INFO: Run Behavior\ParseTemplateBehavior [ RunTime:0.042137s ]
INFO: [ view_parse ] --END-- [ RunTime:0.042177s ]
INFO: [ view_filter ] --START--
INFO: Run Behavior\WriteHtmlCacheBehavior [ RunTime:0.000536s ]
INFO: [ view_filter ] --END-- [ RunTime:0.000565s ]
INFO: [ app_end ] --START--
INFO: Run Behavior\ShowPageTraceBehavior [ RunTime:0.001018s ]
INFO: [ app_end ] --END-- [ RunTime:0.001066s ]

[ 2018-07-03T14:59:05+08:00 ] 127.0.0.1 /index.php/Home/Index/detail/id/2.html
INFO: [ app_init ] --START--
INFO: Run Behavior\BuildLiteBehavior [ RunTime:0.000011s ]
INFO: [ app_init ] --END-- [ RunTime:0.000380s ]
INFO: [ app_begin ] --START--
INFO: Run Behavior\ReadHtmlCacheBehavior [ RunTime:0.001285s ]
INFO: [ app_begin ] --END-- [ RunTime:0.001422s ]
SQL: SHOW COLUMNS FROM `sp_goods` [ RunTime:0.0007s ]
SQL: SELECT * FROM `sp_goods` WHERE `goods_id` = 2 LIMIT 1   [ RunTime:0.0003s ]
INFO: [ view_parse ] --START--
INFO: [ template_filter ] --START--
INFO: Run Behavior\ContentReplaceBehavior [ RunTime:0.000150s ]
INFO: [ template_filter ] --END-- [ RunTime:0.000189s ]
NOTIC: [8] Undefined variable: goods_info D:\Software\phpstudy\PHPTutorial\WWW\thinkphp\Application\Runtime\Cache\Home\1223f42a89e823bf89547594651162de.php 第 571 行.
NOTIC: [8] Undefined variable: goods_info D:\Software\phpstudy\PHPTutorial\WWW\thinkphp\Application\Runtime\Cache\Home\1223f42a89e823bf89547594651162de.php 第 639 行.
NOTIC: [8] Undefined variable: goods_info D:\Software\phpstudy\PHPTutorial\WWW\thinkphp\Application\Runtime\Cache\Home\1223f42a89e823bf89547594651162de.php 第 640 行.
NOTIC: [8] Undefined variable: goods_info D:\Software\phpstudy\PHPTutorial\WWW\thinkphp\Application\Runtime\Cache\Home\1223f42a89e823bf89547594651162de.php 第 641 行.
NOTIC: [8] Undefined variable: goods_info D:\Software\phpstudy\PHPTutorial\WWW\thinkphp\Application\Runtime\Cache\Home\1223f42a89e823bf89547594651162de.php 第 642 行.
NOTIC: [2] date() expects parameter 2 to be long, string given D:\Software\phpstudy\PHPTutorial\WWW\thinkphp\Application\Runtime\Cache\Home\1223f42a89e823bf89547594651162de.php 第 642 行.
NOTIC: [8] Undefined variable: goods_info D:\Software\phpstudy\PHPTutorial\WWW\thinkphp\Application\Runtime\Cache\Home\1223f42a89e823bf89547594651162de.php 第 731 行.
INFO: Run Behavior\ParseTemplateBehavior [ RunTime:0.053270s ]
INFO: [ view_parse ] --END-- [ RunTime:0.053308s ]
INFO: [ view_filter ] --START--
INFO: Run Behavior\WriteHtmlCacheBehavior [ RunTime:0.000517s ]
INFO: [ view_filter ] --END-- [ RunTime:0.000545s ]
INFO: [ app_end ] --START--
INFO: Run Behavior\ShowPageTraceBehavior [ RunTime:0.001169s ]
INFO: [ app_end ] --END-- [ RunTime:0.001204s ]

[ 2018-07-03T14:59:44+08:00 ] 127.0.0.1 /index.php/Home/Index/detail/id/2.html
INFO: [ app_init ] --START--
INFO: Run Behavior\BuildLiteBehavior [ RunTime:0.000012s ]
INFO: [ app_init ] --END-- [ RunTime:0.000500s ]
INFO: [ app_begin ] --START--
INFO: Run Behavior\ReadHtmlCacheBehavior [ RunTime:0.000759s ]
INFO: [ app_begin ] --END-- [ RunTime:0.000801s ]
SQL: SHOW COLUMNS FROM `sp_goods` [ RunTime:0.0007s ]
SQL: SELECT * FROM `sp_goods` WHERE `goods_id` = 2 LIMIT 1   [ RunTime:0.0003s ]
INFO: [ view_parse ] --START--
INFO: [ template_filter ] --START--
INFO: Run Behavior\ContentReplaceBehavior [ RunTime:0.000150s ]
INFO: [ template_filter ] --END-- [ RunTime:0.000190s ]
NOTIC: [2] date() expects parameter 2 to be long, string given D:\Software\phpstudy\PHPTutorial\WWW\thinkphp\Application\Runtime\Cache\Home\1223f42a89e823bf89547594651162de.php 第 642 行.
INFO: Run Behavior\ParseTemplateBehavior [ RunTime:0.043031s ]
INFO: [ view_parse ] --END-- [ RunTime:0.043137s ]
INFO: [ view_filter ] --START--
INFO: Run Behavior\WriteHtmlCacheBehavior [ RunTime:0.001192s ]
INFO: [ view_filter ] --END-- [ RunTime:0.001287s ]
INFO: [ app_end ] --START--
INFO: Run Behavior\ShowPageTraceBehavior [ RunTime:0.001367s ]
INFO: [ app_end ] --END-- [ RunTime:0.001413s ]

[ 2018-07-03T15:01:33+08:00 ] 127.0.0.1 /index.php/Home/Index/detail/id/2.html
INFO: [ app_init ] --START--
INFO: Run Behavior\BuildLiteBehavior [ RunTime:0.000011s ]
INFO: [ app_init ] --END-- [ RunTime:0.000441s ]
INFO: [ app_begin ] --START--
INFO: Run Behavior\ReadHtmlCacheBehavior [ RunTime:0.001904s ]
INFO: [ app_begin ] --END-- [ RunTime:0.001963s ]
SQL: SHOW COLUMNS FROM `sp_goods` [ RunTime:0.0007s ]
SQL: SELECT * FROM `sp_goods` WHERE `goods_id` = 2 LIMIT 1   [ RunTime:0.0003s ]
INFO: [ view_parse ] --START--
INFO: [ template_filter ] --START--
INFO: Run Behavior\ContentReplaceBehavior [ RunTime:0.000162s ]
INFO: [ template_filter ] --END-- [ RunTime:0.000883s ]
NOTIC: [2] date() expects parameter 2 to be long, string given D:\Software\phpstudy\PHPTutorial\WWW\thinkphp\Application\Runtime\Cache\Home\1223f42a89e823bf89547594651162de.php 第 642 行.
INFO: Run Behavior\ParseTemplateBehavior [ RunTime:0.054326s ]
INFO: [ view_parse ] --END-- [ RunTime:0.054364s ]
INFO: [ view_filter ] --START--
INFO: Run Behavior\WriteHtmlCacheBehavior [ RunTime:0.000514s ]
INFO: [ view_filter ] --END-- [ RunTime:0.000542s ]
INFO: [ app_end ] --START--
INFO: Run Behavior\ShowPageTraceBehavior [ RunTime:0.001330s ]
INFO: [ app_end ] --END-- [ RunTime:0.001368s ]

[ 2018-07-03T15:01:39+08:00 ] 127.0.0.1 /index.php/Home/Index/detail/id/1.html
INFO: [ app_init ] --START--
INFO: Run Behavior\BuildLiteBehavior [ RunTime:0.000011s ]
INFO: [ app_init ] --END-- [ RunTime:0.000393s ]
INFO: [ app_begin ] --START--
INFO: Run Behavior\ReadHtmlCacheBehavior [ RunTime:0.000727s ]
INFO: [ app_begin ] --END-- [ RunTime:0.000779s ]
SQL: SHOW COLUMNS FROM `sp_goods` [ RunTime:0.0007s ]
SQL: SELECT * FROM `sp_goods` WHERE `goods_id` = 1 LIMIT 1   [ RunTime:0.0003s ]
INFO: [ view_parse ] --START--
INFO: [ template_filter ] --START--
INFO: Run Behavior\ContentReplaceBehavior [ RunTime:0.000152s ]
INFO: [ template_filter ] --END-- [ RunTime:0.000192s ]
NOTIC: [2] date() expects parameter 2 to be long, string given D:\Software\phpstudy\PHPTutorial\WWW\thinkphp\Application\Runtime\Cache\Home\1223f42a89e823bf89547594651162de.php 第 642 行.
INFO: Run Behavior\ParseTemplateBehavior [ RunTime:0.042848s ]
INFO: [ view_parse ] --END-- [ RunTime:0.042886s ]
INFO: [ view_filter ] --START--
INFO: Run Behavior\WriteHtmlCacheBehavior [ RunTime:0.000514s ]
INFO: [ view_filter ] --END-- [ RunTime:0.000543s ]
INFO: [ app_end ] --START--
INFO: Run Behavior\ShowPageTraceBehavior [ RunTime:0.001254s ]
INFO: [ app_end ] --END-- [ RunTime:0.001309s ]

[ 2018-07-03T15:03:03+08:00 ] 127.0.0.1 /index.php/Home/Index/detail/id/2.html
INFO: [ app_init ] --START--
INFO: Run Behavior\BuildLiteBehavior [ RunTime:0.000013s ]
INFO: [ app_init ] --END-- [ RunTime:0.000463s ]
INFO: [ app_begin ] --START--
INFO: Run Behavior\ReadHtmlCacheBehavior [ RunTime:0.000787s ]
INFO: [ app_begin ] --END-- [ RunTime:0.000860s ]
SQL: SHOW COLUMNS FROM `sp_goods` [ RunTime:0.0009s ]
SQL: SELECT * FROM `sp_goods` WHERE `goods_id` = 2 LIMIT 1   [ RunTime:0.0003s ]
INFO: [ view_parse ] --START--
INFO: [ template_filter ] --START--
INFO: Run Behavior\ContentReplaceBehavior [ RunTime:0.000295s ]
INFO: [ template_filter ] --END-- [ RunTime:0.000454s ]
INFO: Run Behavior\ParseTemplateBehavior [ RunTime:0.041767s ]
INFO: [ view_parse ] --END-- [ RunTime:0.041816s ]
INFO: [ view_filter ] --START--
INFO: Run Behavior\WriteHtmlCacheBehavior [ RunTime:0.000411s ]
INFO: [ view_filter ] --END-- [ RunTime:0.000442s ]
INFO: [ app_end ] --START--
INFO: Run Behavior\ShowPageTraceBehavior [ RunTime:0.000931s ]
INFO: [ app_end ] --END-- [ RunTime:0.000966s ]

[ 2018-07-03T15:03:11+08:00 ] 127.0.0.1 /index.php/Home/Index/detail/id/1.html
INFO: [ app_init ] --START--
INFO: Run Behavior\BuildLiteBehavior [ RunTime:0.000012s ]
INFO: [ app_init ] --END-- [ RunTime:0.000359s ]
INFO: [ app_begin ] --START--
INFO: Run Behavior\ReadHtmlCacheBehavior [ RunTime:0.001000s ]
INFO: [ app_begin ] --END-- [ RunTime:0.001141s ]
SQL: SHOW COLUMNS FROM `sp_goods` [ RunTime:0.0006s ]
SQL: SELECT * FROM `sp_goods` WHERE `goods_id` = 1 LIMIT 1   [ RunTime:0.0003s ]
INFO: [ view_parse ] --START--
INFO: [ template_filter ] --START--
INFO: Run Behavior\ContentReplaceBehavior [ RunTime:0.000191s ]
INFO: [ template_filter ] --END-- [ RunTime:0.000248s ]
INFO: Run Behavior\ParseTemplateBehavior [ RunTime:0.039682s ]
INFO: [ view_parse ] --END-- [ RunTime:0.039728s ]
INFO: [ view_filter ] --START--
INFO: Run Behavior\WriteHtmlCacheBehavior [ RunTime:0.000297s ]
INFO: [ view_filter ] --END-- [ RunTime:0.000325s ]
INFO: [ app_end ] --START--
INFO: Run Behavior\ShowPageTraceBehavior [ RunTime:0.000618s ]
INFO: [ app_end ] --END-- [ RunTime:0.000785s ]

