[ 2018-07-10T16:52:02+08:00 ] 127.0.0.1 /itshop/
INFO: [ app_init ] --START--
INFO: Run Behavior\BuildLiteBehavior [ RunTime:0.000016s ]
INFO: [ app_init ] --END-- [ RunTime:0.000629s ]
INFO: [ app_begin ] --START--
INFO: Run Behavior\ReadHtmlCacheBehavior [ RunTime:0.000905s ]
INFO: [ app_begin ] --END-- [ RunTime:0.000952s ]
SQL: SHOW COLUMNS FROM `sp_goods` [ RunTime:0.0008s ]
SQL: SELECT * FROM `sp_goods` WHERE ( goods_isdel="上架" and goods_tj=1 )  [ RunTime:0.0003s ]
SQL: SELECT * FROM `sp_goods` WHERE ( goods_isdel="上架" and goods_cateid=3 ) LIMIT 0,8   [ RunTime:0.0002s ]
INFO: [ view_parse ] --START--
INFO: [ template_filter ] --START--
INFO: Run Behavior\ContentReplaceBehavior [ RunTime:0.000160s ]
INFO: [ template_filter ] --END-- [ RunTime:0.000212s ]
NOTIC: [8] Use of undefined constant goods_id - assumed 'goods_id' D:\Software\phpstudy\PHPTutorial\WWW\itshop\Application\Runtime\Cache\Home\2a94b8bda04ff446dcedd42276fc99ee.php 第 797 行.
NOTIC: [8] Use of undefined constant goods_id - assumed 'goods_id' D:\Software\phpstudy\PHPTutorial\WWW\itshop\Application\Runtime\Cache\Home\2a94b8bda04ff446dcedd42276fc99ee.php 第 798 行.
NOTIC: [8] Use of undefined constant goods_id - assumed 'goods_id' D:\Software\phpstudy\PHPTutorial\WWW\itshop\Application\Runtime\Cache\Home\2a94b8bda04ff446dcedd42276fc99ee.php 第 797 行.
NOTIC: [8] Use of undefined constant goods_id - assumed 'goods_id' D:\Software\phpstudy\PHPTutorial\WWW\itshop\Application\Runtime\Cache\Home\2a94b8bda04ff446dcedd42276fc99ee.php 第 798 行.
NOTIC: [8] Use of undefined constant goods_id - assumed 'goods_id' D:\Software\phpstudy\PHPTutorial\WWW\itshop\Application\Runtime\Cache\Home\2a94b8bda04ff446dcedd42276fc99ee.php 第 809 行.
NOTIC: [8] Use of undefined constant goods_id - assumed 'goods_id' D:\Software\phpstudy\PHPTutorial\WWW\itshop\Application\Runtime\Cache\Home\2a94b8bda04ff446dcedd42276fc99ee.php 第 810 行.
INFO: Run Behavior\ParseTemplateBehavior [ RunTime:0.069713s ]
INFO: [ view_parse ] --END-- [ RunTime:0.069750s ]
INFO: [ view_filter ] --START--
INFO: Run Behavior\WriteHtmlCacheBehavior [ RunTime:0.000693s ]
INFO: [ view_filter ] --END-- [ RunTime:0.000722s ]
INFO: [ app_end ] --START--
INFO: Run Behavior\ShowPageTraceBehavior [ RunTime:0.001179s ]
INFO: [ app_end ] --END-- [ RunTime:0.001234s ]

[ 2018-07-10T16:56:36+08:00 ] 127.0.0.1 /itshop/index.php
INFO: [ app_init ] --START--
INFO: Run Behavior\BuildLiteBehavior [ RunTime:0.000012s ]
INFO: [ app_init ] --END-- [ RunTime:0.000385s ]
INFO: [ app_begin ] --START--
INFO: Run Behavior\ReadHtmlCacheBehavior [ RunTime:0.000965s ]
INFO: [ app_begin ] --END-- [ RunTime:0.001024s ]
SQL: SHOW COLUMNS FROM `sp_goods` [ RunTime:0.0007s ]
SQL: SELECT * FROM `sp_goods` WHERE ( goods_isdel="上架" and goods_tj=1 )  [ RunTime:0.0003s ]
SQL: SELECT * FROM `sp_goods` WHERE ( goods_isdel="上架" and goods_cateid=3 ) LIMIT 0,8   [ RunTime:0.0002s ]
INFO: [ view_parse ] --START--
INFO: [ template_filter ] --START--
INFO: Run Behavior\ContentReplaceBehavior [ RunTime:0.000133s ]
INFO: [ template_filter ] --END-- [ RunTime:0.000174s ]
NOTIC: [8] Use of undefined constant goods_id - assumed 'goods_id' D:\Software\phpstudy\PHPTutorial\WWW\itshop\Application\Runtime\Cache\Home\2a94b8bda04ff446dcedd42276fc99ee.php 第 797 行.
NOTIC: [8] Use of undefined constant goods_id - assumed 'goods_id' D:\Software\phpstudy\PHPTutorial\WWW\itshop\Application\Runtime\Cache\Home\2a94b8bda04ff446dcedd42276fc99ee.php 第 798 行.
NOTIC: [8] Use of undefined constant goods_id - assumed 'goods_id' D:\Software\phpstudy\PHPTutorial\WWW\itshop\Application\Runtime\Cache\Home\2a94b8bda04ff446dcedd42276fc99ee.php 第 797 行.
NOTIC: [8] Use of undefined constant goods_id - assumed 'goods_id' D:\Software\phpstudy\PHPTutorial\WWW\itshop\Application\Runtime\Cache\Home\2a94b8bda04ff446dcedd42276fc99ee.php 第 798 行.
NOTIC: [8] Use of undefined constant goods_id - assumed 'goods_id' D:\Software\phpstudy\PHPTutorial\WWW\itshop\Application\Runtime\Cache\Home\2a94b8bda04ff446dcedd42276fc99ee.php 第 809 行.
NOTIC: [8] Use of undefined constant goods_id - assumed 'goods_id' D:\Software\phpstudy\PHPTutorial\WWW\itshop\Application\Runtime\Cache\Home\2a94b8bda04ff446dcedd42276fc99ee.php 第 810 行.
INFO: Run Behavior\ParseTemplateBehavior [ RunTime:0.043284s ]
INFO: [ view_parse ] --END-- [ RunTime:0.043322s ]
INFO: [ view_filter ] --START--
INFO: Run Behavior\WriteHtmlCacheBehavior [ RunTime:0.000684s ]
INFO: [ view_filter ] --END-- [ RunTime:0.000713s ]
INFO: [ app_end ] --START--
INFO: Run Behavior\ShowPageTraceBehavior [ RunTime:0.001500s ]
INFO: [ app_end ] --END-- [ RunTime:0.001541s ]

[ 2018-07-10T16:56:46+08:00 ] 127.0.0.1 /itshop/index.php
INFO: [ app_init ] --START--
INFO: Run Behavior\BuildLiteBehavior [ RunTime:0.000014s ]
INFO: [ app_init ] --END-- [ RunTime:0.000563s ]
INFO: [ app_begin ] --START--
INFO: Run Behavior\ReadHtmlCacheBehavior [ RunTime:0.001355s ]
INFO: [ app_begin ] --END-- [ RunTime:0.001393s ]
SQL: SHOW COLUMNS FROM `sp_goods` [ RunTime:0.0007s ]
SQL: SELECT * FROM `sp_goods` WHERE ( goods_isdel="上架" and goods_tj=1 )  [ RunTime:0.0003s ]
SQL: SELECT * FROM `sp_goods` WHERE ( goods_isdel="上架" and goods_cateid=3 ) LIMIT 0,8   [ RunTime:0.0002s ]
INFO: [ view_parse ] --START--
INFO: [ template_filter ] --START--
INFO: Run Behavior\ContentReplaceBehavior [ RunTime:0.000138s ]
INFO: [ template_filter ] --END-- [ RunTime:0.000185s ]
NOTIC: [8] Use of undefined constant goods_id - assumed 'goods_id' D:\Software\phpstudy\PHPTutorial\WWW\itshop\Application\Runtime\Cache\Home\2a94b8bda04ff446dcedd42276fc99ee.php 第 797 行.
NOTIC: [8] Use of undefined constant goods_id - assumed 'goods_id' D:\Software\phpstudy\PHPTutorial\WWW\itshop\Application\Runtime\Cache\Home\2a94b8bda04ff446dcedd42276fc99ee.php 第 798 行.
NOTIC: [8] Use of undefined constant goods_id - assumed 'goods_id' D:\Software\phpstudy\PHPTutorial\WWW\itshop\Application\Runtime\Cache\Home\2a94b8bda04ff446dcedd42276fc99ee.php 第 797 行.
NOTIC: [8] Use of undefined constant goods_id - assumed 'goods_id' D:\Software\phpstudy\PHPTutorial\WWW\itshop\Application\Runtime\Cache\Home\2a94b8bda04ff446dcedd42276fc99ee.php 第 798 行.
NOTIC: [8] Use of undefined constant goods_id - assumed 'goods_id' D:\Software\phpstudy\PHPTutorial\WWW\itshop\Application\Runtime\Cache\Home\2a94b8bda04ff446dcedd42276fc99ee.php 第 809 行.
NOTIC: [8] Use of undefined constant goods_id - assumed 'goods_id' D:\Software\phpstudy\PHPTutorial\WWW\itshop\Application\Runtime\Cache\Home\2a94b8bda04ff446dcedd42276fc99ee.php 第 810 行.
INFO: Run Behavior\ParseTemplateBehavior [ RunTime:0.043468s ]
INFO: [ view_parse ] --END-- [ RunTime:0.043508s ]
INFO: [ view_filter ] --START--
INFO: Run Behavior\WriteHtmlCacheBehavior [ RunTime:0.003523s ]
INFO: [ view_filter ] --END-- [ RunTime:0.003557s ]
INFO: [ app_end ] --START--
INFO: Run Behavior\ShowPageTraceBehavior [ RunTime:0.001151s ]
INFO: [ app_end ] --END-- [ RunTime:0.001189s ]

[ 2018-07-10T16:57:09+08:00 ] 127.0.0.1 /itshop/index.php/Home/Index/search.html
INFO: [ app_init ] --START--
INFO: Run Behavior\BuildLiteBehavior [ RunTime:0.000013s ]
INFO: [ app_init ] --END-- [ RunTime:0.000595s ]
INFO: [ app_begin ] --START--
INFO: Run Behavior\ReadHtmlCacheBehavior [ RunTime:0.001548s ]
INFO: [ app_begin ] --END-- [ RunTime:0.001590s ]
SQL: SHOW COLUMNS FROM `sp_goods` [ RunTime:0.0007s ]
SQL: SELECT * FROM `sp_goods` WHERE ( goods_name like '%请输入商品关键字%' )  [ RunTime:0.0002s ]
INFO: [ view_parse ] --START--
INFO: [ template_filter ] --START--
INFO: Run Behavior\ContentReplaceBehavior [ RunTime:0.000102s ]
INFO: [ template_filter ] --END-- [ RunTime:0.000146s ]
INFO: Run Behavior\ParseTemplateBehavior [ RunTime:0.066840s ]
INFO: [ view_parse ] --END-- [ RunTime:0.066884s ]
INFO: [ view_filter ] --START--
INFO: Run Behavior\WriteHtmlCacheBehavior [ RunTime:0.000775s ]
INFO: [ view_filter ] --END-- [ RunTime:0.000804s ]
INFO: [ app_end ] --START--
INFO: Run Behavior\ShowPageTraceBehavior [ RunTime:0.001253s ]
INFO: [ app_end ] --END-- [ RunTime:0.001295s ]

[ 2018-07-10T16:57:15+08:00 ] 127.0.0.1 /itshop/index.php/Home/Index/search.html
INFO: [ app_init ] --START--
INFO: Run Behavior\BuildLiteBehavior [ RunTime:0.000012s ]
INFO: [ app_init ] --END-- [ RunTime:0.000389s ]
INFO: [ app_begin ] --START--
INFO: Run Behavior\ReadHtmlCacheBehavior [ RunTime:0.000980s ]
INFO: [ app_begin ] --END-- [ RunTime:0.001019s ]
SQL: SHOW COLUMNS FROM `sp_goods` [ RunTime:0.0005s ]
SQL: SELECT * FROM `sp_goods` WHERE ( goods_name like '%d%' )  [ RunTime:0.0003s ]
INFO: [ view_parse ] --START--
INFO: [ template_filter ] --START--
INFO: Run Behavior\ContentReplaceBehavior [ RunTime:0.000102s ]
INFO: [ template_filter ] --END-- [ RunTime:0.000146s ]
NOTIC: [8] Use of undefined constant goods_id - assumed 'goods_id' D:\Software\phpstudy\PHPTutorial\WWW\itshop\Application\Runtime\Cache\Home\bf3b4465296514de17e1f8dd92d84602.php 第 695 行.
NOTIC: [8] Use of undefined constant goods_id - assumed 'goods_id' D:\Software\phpstudy\PHPTutorial\WWW\itshop\Application\Runtime\Cache\Home\bf3b4465296514de17e1f8dd92d84602.php 第 696 行.
INFO: Run Behavior\ParseTemplateBehavior [ RunTime:0.032866s ]
INFO: [ view_parse ] --END-- [ RunTime:0.032904s ]
INFO: [ view_filter ] --START--
INFO: Run Behavior\WriteHtmlCacheBehavior [ RunTime:0.000806s ]
INFO: [ view_filter ] --END-- [ RunTime:0.000834s ]
INFO: [ app_end ] --START--
INFO: Run Behavior\ShowPageTraceBehavior [ RunTime:0.001308s ]
INFO: [ app_end ] --END-- [ RunTime:0.001395s ]

[ 2018-07-10T18:28:01+08:00 ] 127.0.0.1 /itshop/
INFO: [ app_init ] --START--
INFO: Run Behavior\BuildLiteBehavior [ RunTime:0.000013s ]
INFO: [ app_init ] --END-- [ RunTime:0.000687s ]
INFO: [ app_begin ] --START--
INFO: Run Behavior\ReadHtmlCacheBehavior [ RunTime:0.000983s ]
INFO: [ app_begin ] --END-- [ RunTime:0.001029s ]
SQL: SHOW COLUMNS FROM `sp_goods` [ RunTime:0.0008s ]
SQL: SELECT * FROM `sp_goods` WHERE ( goods_isdel="上架" and goods_tj=1 )  [ RunTime:0.0003s ]
SQL: SELECT * FROM `sp_goods` WHERE ( goods_isdel="上架" and goods_cateid=3 ) LIMIT 0,8   [ RunTime:0.0002s ]
INFO: [ view_parse ] --START--
INFO: [ template_filter ] --START--
INFO: Run Behavior\ContentReplaceBehavior [ RunTime:0.000137s ]
INFO: [ template_filter ] --END-- [ RunTime:0.000183s ]
NOTIC: [8] Use of undefined constant goods_id - assumed 'goods_id' D:\Software\phpstudy\PHPTutorial\WWW\itshop\Application\Runtime\Cache\Home\2a94b8bda04ff446dcedd42276fc99ee.php 第 797 行.
NOTIC: [8] Use of undefined constant goods_id - assumed 'goods_id' D:\Software\phpstudy\PHPTutorial\WWW\itshop\Application\Runtime\Cache\Home\2a94b8bda04ff446dcedd42276fc99ee.php 第 798 行.
NOTIC: [8] Use of undefined constant goods_id - assumed 'goods_id' D:\Software\phpstudy\PHPTutorial\WWW\itshop\Application\Runtime\Cache\Home\2a94b8bda04ff446dcedd42276fc99ee.php 第 797 行.
NOTIC: [8] Use of undefined constant goods_id - assumed 'goods_id' D:\Software\phpstudy\PHPTutorial\WWW\itshop\Application\Runtime\Cache\Home\2a94b8bda04ff446dcedd42276fc99ee.php 第 798 行.
NOTIC: [8] Use of undefined constant goods_id - assumed 'goods_id' D:\Software\phpstudy\PHPTutorial\WWW\itshop\Application\Runtime\Cache\Home\2a94b8bda04ff446dcedd42276fc99ee.php 第 809 行.
NOTIC: [8] Use of undefined constant goods_id - assumed 'goods_id' D:\Software\phpstudy\PHPTutorial\WWW\itshop\Application\Runtime\Cache\Home\2a94b8bda04ff446dcedd42276fc99ee.php 第 810 行.
INFO: Run Behavior\ParseTemplateBehavior [ RunTime:0.047531s ]
INFO: [ view_parse ] --END-- [ RunTime:0.047589s ]
INFO: [ view_filter ] --START--
INFO: Run Behavior\WriteHtmlCacheBehavior [ RunTime:0.000793s ]
INFO: [ view_filter ] --END-- [ RunTime:0.000821s ]
INFO: [ app_end ] --START--
INFO: Run Behavior\ShowPageTraceBehavior [ RunTime:0.001466s ]
INFO: [ app_end ] --END-- [ RunTime:0.001503s ]

[ 2018-07-10T18:31:09+08:00 ] 127.0.0.1 /itshop/
INFO: [ app_init ] --START--
INFO: Run Behavior\BuildLiteBehavior [ RunTime:0.000012s ]
INFO: [ app_init ] --END-- [ RunTime:0.000382s ]
INFO: [ app_begin ] --START--
INFO: Run Behavior\ReadHtmlCacheBehavior [ RunTime:0.000910s ]
INFO: [ app_begin ] --END-- [ RunTime:0.000947s ]
SQL: SHOW COLUMNS FROM `sp_goods` [ RunTime:0.0006s ]
SQL: SELECT * FROM `sp_goods` WHERE ( goods_isdel="上架" and goods_tj=1 )  [ RunTime:0.0003s ]
SQL: SELECT * FROM `sp_goods` WHERE ( goods_isdel="上架" and goods_cateid=3 ) LIMIT 0,8   [ RunTime:0.0002s ]
INFO: [ view_parse ] --START--
INFO: [ template_filter ] --START--
INFO: Run Behavior\ContentReplaceBehavior [ RunTime:0.000137s ]
INFO: [ template_filter ] --END-- [ RunTime:0.000182s ]
NOTIC: [8] Use of undefined constant goods_id - assumed 'goods_id' D:\Software\phpstudy\PHPTutorial\WWW\itshop\Application\Runtime\Cache\Home\2a94b8bda04ff446dcedd42276fc99ee.php 第 797 行.
NOTIC: [8] Use of undefined constant goods_id - assumed 'goods_id' D:\Software\phpstudy\PHPTutorial\WWW\itshop\Application\Runtime\Cache\Home\2a94b8bda04ff446dcedd42276fc99ee.php 第 798 行.
NOTIC: [8] Use of undefined constant goods_id - assumed 'goods_id' D:\Software\phpstudy\PHPTutorial\WWW\itshop\Application\Runtime\Cache\Home\2a94b8bda04ff446dcedd42276fc99ee.php 第 797 行.
NOTIC: [8] Use of undefined constant goods_id - assumed 'goods_id' D:\Software\phpstudy\PHPTutorial\WWW\itshop\Application\Runtime\Cache\Home\2a94b8bda04ff446dcedd42276fc99ee.php 第 798 行.
NOTIC: [8] Use of undefined constant goods_id - assumed 'goods_id' D:\Software\phpstudy\PHPTutorial\WWW\itshop\Application\Runtime\Cache\Home\2a94b8bda04ff446dcedd42276fc99ee.php 第 809 行.
NOTIC: [8] Use of undefined constant goods_id - assumed 'goods_id' D:\Software\phpstudy\PHPTutorial\WWW\itshop\Application\Runtime\Cache\Home\2a94b8bda04ff446dcedd42276fc99ee.php 第 810 行.
INFO: Run Behavior\ParseTemplateBehavior [ RunTime:0.043534s ]
INFO: [ view_parse ] --END-- [ RunTime:0.043573s ]
INFO: [ view_filter ] --START--
INFO: Run Behavior\WriteHtmlCacheBehavior [ RunTime:0.001594s ]
INFO: [ view_filter ] --END-- [ RunTime:0.001632s ]
INFO: [ app_end ] --START--
INFO: Run Behavior\ShowPageTraceBehavior [ RunTime:0.001059s ]
INFO: [ app_end ] --END-- [ RunTime:0.001122s ]

[ 2018-07-10T18:31:56+08:00 ] 127.0.0.1 /itshop/
INFO: [ app_init ] --START--
INFO: Run Behavior\BuildLiteBehavior [ RunTime:0.000012s ]
INFO: [ app_init ] --END-- [ RunTime:0.000377s ]
INFO: [ app_begin ] --START--
INFO: Run Behavior\ReadHtmlCacheBehavior [ RunTime:0.000980s ]
INFO: [ app_begin ] --END-- [ RunTime:0.001018s ]
SQL: SHOW COLUMNS FROM `sp_goods` [ RunTime:0.0012s ]
SQL: SELECT * FROM `sp_goods` WHERE ( goods_isdel="上架" and goods_tj=1 )  [ RunTime:0.0004s ]
SQL: SELECT * FROM `sp_goods` WHERE ( goods_isdel="上架" and goods_cateid=3 ) LIMIT 0,8   [ RunTime:0.0003s ]
INFO: [ view_parse ] --START--
INFO: [ template_filter ] --START--
INFO: Run Behavior\ContentReplaceBehavior [ RunTime:0.000174s ]
INFO: [ template_filter ] --END-- [ RunTime:0.000285s ]
NOTIC: [8] Use of undefined constant goods_id - assumed 'goods_id' D:\Software\phpstudy\PHPTutorial\WWW\itshop\Application\Runtime\Cache\Home\2a94b8bda04ff446dcedd42276fc99ee.php 第 797 行.
NOTIC: [8] Use of undefined constant goods_id - assumed 'goods_id' D:\Software\phpstudy\PHPTutorial\WWW\itshop\Application\Runtime\Cache\Home\2a94b8bda04ff446dcedd42276fc99ee.php 第 798 行.
NOTIC: [8] Use of undefined constant goods_id - assumed 'goods_id' D:\Software\phpstudy\PHPTutorial\WWW\itshop\Application\Runtime\Cache\Home\2a94b8bda04ff446dcedd42276fc99ee.php 第 797 行.
NOTIC: [8] Use of undefined constant goods_id - assumed 'goods_id' D:\Software\phpstudy\PHPTutorial\WWW\itshop\Application\Runtime\Cache\Home\2a94b8bda04ff446dcedd42276fc99ee.php 第 798 行.
NOTIC: [8] Use of undefined constant goods_id - assumed 'goods_id' D:\Software\phpstudy\PHPTutorial\WWW\itshop\Application\Runtime\Cache\Home\2a94b8bda04ff446dcedd42276fc99ee.php 第 809 行.
NOTIC: [8] Use of undefined constant goods_id - assumed 'goods_id' D:\Software\phpstudy\PHPTutorial\WWW\itshop\Application\Runtime\Cache\Home\2a94b8bda04ff446dcedd42276fc99ee.php 第 810 行.
INFO: Run Behavior\ParseTemplateBehavior [ RunTime:0.044955s ]
INFO: [ view_parse ] --END-- [ RunTime:0.045180s ]
INFO: [ view_filter ] --START--
INFO: Run Behavior\WriteHtmlCacheBehavior [ RunTime:0.001484s ]
INFO: [ view_filter ] --END-- [ RunTime:0.001537s ]
INFO: [ app_end ] --START--
INFO: Run Behavior\ShowPageTraceBehavior [ RunTime:0.002575s ]
INFO: [ app_end ] --END-- [ RunTime:0.003684s ]

[ 2018-07-10T18:33:41+08:00 ] 127.0.0.1 /itshop/
INFO: [ app_init ] --START--
INFO: Run Behavior\BuildLiteBehavior [ RunTime:0.000012s ]
INFO: [ app_init ] --END-- [ RunTime:0.000428s ]
INFO: [ app_begin ] --START--
INFO: Run Behavior\ReadHtmlCacheBehavior [ RunTime:0.003803s ]
INFO: [ app_begin ] --END-- [ RunTime:0.003853s ]
SQL: SHOW COLUMNS FROM `sp_goods` [ RunTime:0.0008s ]
SQL: SELECT * FROM `sp_goods` WHERE ( goods_isdel="上架" and goods_tj=1 )  [ RunTime:0.0003s ]
SQL: SELECT * FROM `sp_goods` WHERE ( goods_isdel="上架" and goods_cateid=3 ) LIMIT 0,8   [ RunTime:0.0003s ]
INFO: [ view_parse ] --START--
INFO: [ template_filter ] --START--
INFO: Run Behavior\ContentReplaceBehavior [ RunTime:0.000157s ]
INFO: [ template_filter ] --END-- [ RunTime:0.000201s ]
NOTIC: [8] Use of undefined constant goods_id - assumed 'goods_id' D:\Software\phpstudy\PHPTutorial\WWW\itshop\Application\Runtime\Cache\Home\2a94b8bda04ff446dcedd42276fc99ee.php 第 797 行.
NOTIC: [8] Use of undefined constant goods_id - assumed 'goods_id' D:\Software\phpstudy\PHPTutorial\WWW\itshop\Application\Runtime\Cache\Home\2a94b8bda04ff446dcedd42276fc99ee.php 第 798 行.
NOTIC: [8] Use of undefined constant goods_id - assumed 'goods_id' D:\Software\phpstudy\PHPTutorial\WWW\itshop\Application\Runtime\Cache\Home\2a94b8bda04ff446dcedd42276fc99ee.php 第 797 行.
NOTIC: [8] Use of undefined constant goods_id - assumed 'goods_id' D:\Software\phpstudy\PHPTutorial\WWW\itshop\Application\Runtime\Cache\Home\2a94b8bda04ff446dcedd42276fc99ee.php 第 798 行.
NOTIC: [8] Use of undefined constant goods_id - assumed 'goods_id' D:\Software\phpstudy\PHPTutorial\WWW\itshop\Application\Runtime\Cache\Home\2a94b8bda04ff446dcedd42276fc99ee.php 第 809 行.
NOTIC: [8] Use of undefined constant goods_id - assumed 'goods_id' D:\Software\phpstudy\PHPTutorial\WWW\itshop\Application\Runtime\Cache\Home\2a94b8bda04ff446dcedd42276fc99ee.php 第 810 行.
NOTIC: [8] Use of undefined constant goods_id - assumed 'goods_id' D:\Software\phpstudy\PHPTutorial\WWW\itshop\Application\Runtime\Cache\Home\2a94b8bda04ff446dcedd42276fc99ee.php 第 809 行.
NOTIC: [8] Use of undefined constant goods_id - assumed 'goods_id' D:\Software\phpstudy\PHPTutorial\WWW\itshop\Application\Runtime\Cache\Home\2a94b8bda04ff446dcedd42276fc99ee.php 第 810 行.
INFO: Run Behavior\ParseTemplateBehavior [ RunTime:0.041147s ]
INFO: [ view_parse ] --END-- [ RunTime:0.041189s ]
INFO: [ view_filter ] --START--
INFO: Run Behavior\WriteHtmlCacheBehavior [ RunTime:0.000971s ]
INFO: [ view_filter ] --END-- [ RunTime:0.001025s ]
INFO: [ app_end ] --START--
INFO: Run Behavior\ShowPageTraceBehavior [ RunTime:0.001203s ]
INFO: [ app_end ] --END-- [ RunTime:0.001254s ]

[ 2018-07-10T18:34:14+08:00 ] 127.0.0.1 /itshop/index.php/Home/Index/detail/id/5.html
INFO: [ app_init ] --START--
INFO: Run Behavior\BuildLiteBehavior [ RunTime:0.000016s ]
INFO: [ app_init ] --END-- [ RunTime:0.000389s ]
INFO: [ app_begin ] --START--
INFO: Run Behavior\ReadHtmlCacheBehavior [ RunTime:0.001001s ]
INFO: [ app_begin ] --END-- [ RunTime:0.001039s ]
SQL: SHOW COLUMNS FROM `sp_goods` [ RunTime:0.0006s ]
SQL: SELECT * FROM `sp_goods` WHERE `goods_id` = 5 LIMIT 1   [ RunTime:0.0003s ]
INFO: [ view_parse ] --START--
INFO: [ template_filter ] --START--
INFO: Run Behavior\ContentReplaceBehavior [ RunTime:0.000180s ]
INFO: [ template_filter ] --END-- [ RunTime:0.000219s ]
INFO: Run Behavior\ParseTemplateBehavior [ RunTime:0.081387s ]
INFO: [ view_parse ] --END-- [ RunTime:0.081434s ]
INFO: [ view_filter ] --START--
INFO: Run Behavior\WriteHtmlCacheBehavior [ RunTime:0.000755s ]
INFO: [ view_filter ] --END-- [ RunTime:0.000785s ]
INFO: [ app_end ] --START--
INFO: Run Behavior\ShowPageTraceBehavior [ RunTime:0.001206s ]
INFO: [ app_end ] --END-- [ RunTime:0.001248s ]

[ 2018-07-10T18:34:19+08:00 ] 127.0.0.1 /itshop/index.php/Home/Index/detail/id/1.html
INFO: [ app_init ] --START--
INFO: Run Behavior\BuildLiteBehavior [ RunTime:0.000012s ]
INFO: [ app_init ] --END-- [ RunTime:0.000378s ]
INFO: [ app_begin ] --START--
INFO: Run Behavior\ReadHtmlCacheBehavior [ RunTime:0.000977s ]
INFO: [ app_begin ] --END-- [ RunTime:0.001016s ]
SQL: SHOW COLUMNS FROM `sp_goods` [ RunTime:0.0057s ]
SQL: SELECT * FROM `sp_goods` WHERE `goods_id` = 1 LIMIT 1   [ RunTime:0.0003s ]
INFO: [ view_parse ] --START--
INFO: [ template_filter ] --START--
INFO: Run Behavior\ContentReplaceBehavior [ RunTime:0.000171s ]
INFO: [ template_filter ] --END-- [ RunTime:0.000210s ]
INFO: Run Behavior\ParseTemplateBehavior [ RunTime:0.043012s ]
INFO: [ view_parse ] --END-- [ RunTime:0.043064s ]
INFO: [ view_filter ] --START--
INFO: Run Behavior\WriteHtmlCacheBehavior [ RunTime:0.000854s ]
INFO: [ view_filter ] --END-- [ RunTime:0.000901s ]
INFO: [ app_end ] --START--
INFO: Run Behavior\ShowPageTraceBehavior [ RunTime:0.001673s ]
INFO: [ app_end ] --END-- [ RunTime:0.001715s ]

[ 2018-07-10T18:35:24+08:00 ] 127.0.0.1 /itshop/
INFO: [ app_init ] --START--
INFO: Run Behavior\BuildLiteBehavior [ RunTime:0.000013s ]
INFO: [ app_init ] --END-- [ RunTime:0.000394s ]
INFO: [ app_begin ] --START--
INFO: Run Behavior\ReadHtmlCacheBehavior [ RunTime:0.001169s ]
INFO: [ app_begin ] --END-- [ RunTime:0.001208s ]
SQL: SHOW COLUMNS FROM `sp_goods` [ RunTime:0.0007s ]
SQL: SELECT * FROM `sp_goods` WHERE ( goods_isdel="上架" and goods_tj=1 )  [ RunTime:0.0003s ]
SQL: SELECT * FROM `sp_goods` WHERE ( goods_isdel="上架" and goods_cateid=3 ) LIMIT 0,8   [ RunTime:0.0002s ]
INFO: [ view_parse ] --START--
INFO: [ template_filter ] --START--
INFO: Run Behavior\ContentReplaceBehavior [ RunTime:0.000166s ]
INFO: [ template_filter ] --END-- [ RunTime:0.000228s ]
NOTIC: [8] Use of undefined constant goods_id - assumed 'goods_id' D:\Software\phpstudy\PHPTutorial\WWW\itshop\Application\Runtime\Cache\Home\2a94b8bda04ff446dcedd42276fc99ee.php 第 797 行.
NOTIC: [8] Use of undefined constant goods_id - assumed 'goods_id' D:\Software\phpstudy\PHPTutorial\WWW\itshop\Application\Runtime\Cache\Home\2a94b8bda04ff446dcedd42276fc99ee.php 第 798 行.
NOTIC: [8] Use of undefined constant goods_id - assumed 'goods_id' D:\Software\phpstudy\PHPTutorial\WWW\itshop\Application\Runtime\Cache\Home\2a94b8bda04ff446dcedd42276fc99ee.php 第 797 行.
NOTIC: [8] Use of undefined constant goods_id - assumed 'goods_id' D:\Software\phpstudy\PHPTutorial\WWW\itshop\Application\Runtime\Cache\Home\2a94b8bda04ff446dcedd42276fc99ee.php 第 798 行.
NOTIC: [8] Use of undefined constant goods_id - assumed 'goods_id' D:\Software\phpstudy\PHPTutorial\WWW\itshop\Application\Runtime\Cache\Home\2a94b8bda04ff446dcedd42276fc99ee.php 第 809 行.
NOTIC: [8] Use of undefined constant goods_id - assumed 'goods_id' D:\Software\phpstudy\PHPTutorial\WWW\itshop\Application\Runtime\Cache\Home\2a94b8bda04ff446dcedd42276fc99ee.php 第 810 行.
NOTIC: [8] Use of undefined constant goods_id - assumed 'goods_id' D:\Software\phpstudy\PHPTutorial\WWW\itshop\Application\Runtime\Cache\Home\2a94b8bda04ff446dcedd42276fc99ee.php 第 809 行.
NOTIC: [8] Use of undefined constant goods_id - assumed 'goods_id' D:\Software\phpstudy\PHPTutorial\WWW\itshop\Application\Runtime\Cache\Home\2a94b8bda04ff446dcedd42276fc99ee.php 第 810 行.
INFO: Run Behavior\ParseTemplateBehavior [ RunTime:0.055675s ]
INFO: [ view_parse ] --END-- [ RunTime:0.055716s ]
INFO: [ view_filter ] --START--
INFO: Run Behavior\WriteHtmlCacheBehavior [ RunTime:0.001264s ]
INFO: [ view_filter ] --END-- [ RunTime:0.001317s ]
INFO: [ app_end ] --START--
INFO: Run Behavior\ShowPageTraceBehavior [ RunTime:0.001278s ]
INFO: [ app_end ] --END-- [ RunTime:0.001359s ]

[ 2018-07-10T18:35:33+08:00 ] 127.0.0.1 /itshop/
INFO: [ app_init ] --START--
INFO: Run Behavior\BuildLiteBehavior [ RunTime:0.000012s ]
INFO: [ app_init ] --END-- [ RunTime:0.000394s ]
INFO: [ app_begin ] --START--
INFO: Run Behavior\ReadHtmlCacheBehavior [ RunTime:0.001731s ]
INFO: [ app_begin ] --END-- [ RunTime:0.001809s ]
SQL: SHOW COLUMNS FROM `sp_goods` [ RunTime:0.0021s ]
SQL: SELECT * FROM `sp_goods` WHERE ( goods_isdel="上架" and goods_tj=1 )  [ RunTime:0.0004s ]
SQL: SELECT * FROM `sp_goods` WHERE ( goods_isdel="上架" and goods_cateid=3 ) LIMIT 0,8   [ RunTime:0.0003s ]
INFO: [ view_parse ] --START--
INFO: [ template_filter ] --START--
INFO: Run Behavior\ContentReplaceBehavior [ RunTime:0.000144s ]
INFO: [ template_filter ] --END-- [ RunTime:0.000188s ]
NOTIC: [8] Use of undefined constant goods_id - assumed 'goods_id' D:\Software\phpstudy\PHPTutorial\WWW\itshop\Application\Runtime\Cache\Home\2a94b8bda04ff446dcedd42276fc99ee.php 第 797 行.
NOTIC: [8] Use of undefined constant goods_id - assumed 'goods_id' D:\Software\phpstudy\PHPTutorial\WWW\itshop\Application\Runtime\Cache\Home\2a94b8bda04ff446dcedd42276fc99ee.php 第 798 行.
NOTIC: [8] Use of undefined constant goods_id - assumed 'goods_id' D:\Software\phpstudy\PHPTutorial\WWW\itshop\Application\Runtime\Cache\Home\2a94b8bda04ff446dcedd42276fc99ee.php 第 797 行.
NOTIC: [8] Use of undefined constant goods_id - assumed 'goods_id' D:\Software\phpstudy\PHPTutorial\WWW\itshop\Application\Runtime\Cache\Home\2a94b8bda04ff446dcedd42276fc99ee.php 第 798 行.
NOTIC: [8] Use of undefined constant goods_id - assumed 'goods_id' D:\Software\phpstudy\PHPTutorial\WWW\itshop\Application\Runtime\Cache\Home\2a94b8bda04ff446dcedd42276fc99ee.php 第 809 行.
NOTIC: [8] Use of undefined constant goods_id - assumed 'goods_id' D:\Software\phpstudy\PHPTutorial\WWW\itshop\Application\Runtime\Cache\Home\2a94b8bda04ff446dcedd42276fc99ee.php 第 810 行.
NOTIC: [8] Use of undefined constant goods_id - assumed 'goods_id' D:\Software\phpstudy\PHPTutorial\WWW\itshop\Application\Runtime\Cache\Home\2a94b8bda04ff446dcedd42276fc99ee.php 第 809 行.
NOTIC: [8] Use of undefined constant goods_id - assumed 'goods_id' D:\Software\phpstudy\PHPTutorial\WWW\itshop\Application\Runtime\Cache\Home\2a94b8bda04ff446dcedd42276fc99ee.php 第 810 行.
INFO: Run Behavior\ParseTemplateBehavior [ RunTime:0.050668s ]
INFO: [ view_parse ] --END-- [ RunTime:0.050750s ]
INFO: [ view_filter ] --START--
INFO: Run Behavior\WriteHtmlCacheBehavior [ RunTime:0.000828s ]
INFO: [ view_filter ] --END-- [ RunTime:0.000857s ]
INFO: [ app_end ] --START--
INFO: Run Behavior\ShowPageTraceBehavior [ RunTime:0.001292s ]
INFO: [ app_end ] --END-- [ RunTime:0.001330s ]

[ 2018-07-10T18:38:22+08:00 ] 127.0.0.1 /itshop/
INFO: [ app_init ] --START--
INFO: Run Behavior\BuildLiteBehavior [ RunTime:0.000012s ]
INFO: [ app_init ] --END-- [ RunTime:0.000444s ]
INFO: [ app_begin ] --START--
INFO: Run Behavior\ReadHtmlCacheBehavior [ RunTime:0.001023s ]
INFO: [ app_begin ] --END-- [ RunTime:0.001061s ]
SQL: SHOW COLUMNS FROM `sp_goods` [ RunTime:0.0005s ]
SQL: SELECT * FROM `sp_goods` WHERE ( goods_isdel="上架" and goods_tj=1 )  [ RunTime:0.0003s ]
SQL: SELECT * FROM `sp_goods` WHERE ( goods_isdel="上架" and goods_cateid=3 ) LIMIT 0,8   [ RunTime:0.0002s ]
INFO: [ view_parse ] --START--
INFO: [ template_filter ] --START--
INFO: Run Behavior\ContentReplaceBehavior [ RunTime:0.000151s ]
INFO: [ template_filter ] --END-- [ RunTime:0.000197s ]
NOTIC: [8] Use of undefined constant goods_id - assumed 'goods_id' D:\Software\phpstudy\PHPTutorial\WWW\itshop\Application\Runtime\Cache\Home\2a94b8bda04ff446dcedd42276fc99ee.php 第 809 行.
NOTIC: [8] Use of undefined constant goods_id - assumed 'goods_id' D:\Software\phpstudy\PHPTutorial\WWW\itshop\Application\Runtime\Cache\Home\2a94b8bda04ff446dcedd42276fc99ee.php 第 810 行.
NOTIC: [8] Use of undefined constant goods_id - assumed 'goods_id' D:\Software\phpstudy\PHPTutorial\WWW\itshop\Application\Runtime\Cache\Home\2a94b8bda04ff446dcedd42276fc99ee.php 第 809 行.
NOTIC: [8] Use of undefined constant goods_id - assumed 'goods_id' D:\Software\phpstudy\PHPTutorial\WWW\itshop\Application\Runtime\Cache\Home\2a94b8bda04ff446dcedd42276fc99ee.php 第 810 行.
NOTIC: [8] Use of undefined constant goods_id - assumed 'goods_id' D:\Software\phpstudy\PHPTutorial\WWW\itshop\Application\Runtime\Cache\Home\2a94b8bda04ff446dcedd42276fc99ee.php 第 809 行.
NOTIC: [8] Use of undefined constant goods_id - assumed 'goods_id' D:\Software\phpstudy\PHPTutorial\WWW\itshop\Application\Runtime\Cache\Home\2a94b8bda04ff446dcedd42276fc99ee.php 第 810 行.
INFO: Run Behavior\ParseTemplateBehavior [ RunTime:0.046586s ]
INFO: [ view_parse ] --END-- [ RunTime:0.046622s ]
INFO: [ view_filter ] --START--
INFO: Run Behavior\WriteHtmlCacheBehavior [ RunTime:0.000821s ]
INFO: [ view_filter ] --END-- [ RunTime:0.000851s ]
INFO: [ app_end ] --START--
INFO: Run Behavior\ShowPageTraceBehavior [ RunTime:0.001319s ]
INFO: [ app_end ] --END-- [ RunTime:0.001356s ]

[ 2018-07-10T18:39:25+08:00 ] 127.0.0.1 /itshop/
INFO: [ app_init ] --START--
INFO: Run Behavior\BuildLiteBehavior [ RunTime:0.000013s ]
INFO: [ app_init ] --END-- [ RunTime:0.000402s ]
INFO: [ app_begin ] --START--
INFO: Run Behavior\ReadHtmlCacheBehavior [ RunTime:0.000939s ]
INFO: [ app_begin ] --END-- [ RunTime:0.000976s ]
SQL: SHOW COLUMNS FROM `sp_goods` [ RunTime:0.0005s ]
SQL: SELECT * FROM `sp_goods` WHERE ( goods_isdel="上架" and goods_tj=1 )  [ RunTime:0.0003s ]
SQL: SELECT * FROM `sp_goods` WHERE ( goods_isdel="上架" and goods_cateid=3 ) LIMIT 0,8   [ RunTime:0.0003s ]
INFO: [ view_parse ] --START--
INFO: [ template_filter ] --START--
INFO: Run Behavior\ContentReplaceBehavior [ RunTime:0.000145s ]
INFO: [ template_filter ] --END-- [ RunTime:0.000188s ]
NOTIC: [8] Use of undefined constant goods_id - assumed 'goods_id' D:\Software\phpstudy\PHPTutorial\WWW\itshop\Application\Runtime\Cache\Home\2a94b8bda04ff446dcedd42276fc99ee.php 第 797 行.
NOTIC: [8] Use of undefined constant goods_id - assumed 'goods_id' D:\Software\phpstudy\PHPTutorial\WWW\itshop\Application\Runtime\Cache\Home\2a94b8bda04ff446dcedd42276fc99ee.php 第 798 行.
NOTIC: [8] Use of undefined constant goods_id - assumed 'goods_id' D:\Software\phpstudy\PHPTutorial\WWW\itshop\Application\Runtime\Cache\Home\2a94b8bda04ff446dcedd42276fc99ee.php 第 797 行.
NOTIC: [8] Use of undefined constant goods_id - assumed 'goods_id' D:\Software\phpstudy\PHPTutorial\WWW\itshop\Application\Runtime\Cache\Home\2a94b8bda04ff446dcedd42276fc99ee.php 第 798 行.
NOTIC: [8] Use of undefined constant goods_id - assumed 'goods_id' D:\Software\phpstudy\PHPTutorial\WWW\itshop\Application\Runtime\Cache\Home\2a94b8bda04ff446dcedd42276fc99ee.php 第 797 行.
NOTIC: [8] Use of undefined constant goods_id - assumed 'goods_id' D:\Software\phpstudy\PHPTutorial\WWW\itshop\Application\Runtime\Cache\Home\2a94b8bda04ff446dcedd42276fc99ee.php 第 798 行.
NOTIC: [8] Use of undefined constant goods_id - assumed 'goods_id' D:\Software\phpstudy\PHPTutorial\WWW\itshop\Application\Runtime\Cache\Home\2a94b8bda04ff446dcedd42276fc99ee.php 第 809 行.
NOTIC: [8] Use of undefined constant goods_id - assumed 'goods_id' D:\Software\phpstudy\PHPTutorial\WWW\itshop\Application\Runtime\Cache\Home\2a94b8bda04ff446dcedd42276fc99ee.php 第 810 行.
NOTIC: [8] Use of undefined constant goods_id - assumed 'goods_id' D:\Software\phpstudy\PHPTutorial\WWW\itshop\Application\Runtime\Cache\Home\2a94b8bda04ff446dcedd42276fc99ee.php 第 809 行.
NOTIC: [8] Use of undefined constant goods_id - assumed 'goods_id' D:\Software\phpstudy\PHPTutorial\WWW\itshop\Application\Runtime\Cache\Home\2a94b8bda04ff446dcedd42276fc99ee.php 第 810 行.
NOTIC: [8] Use of undefined constant goods_id - assumed 'goods_id' D:\Software\phpstudy\PHPTutorial\WWW\itshop\Application\Runtime\Cache\Home\2a94b8bda04ff446dcedd42276fc99ee.php 第 809 行.
NOTIC: [8] Use of undefined constant goods_id - assumed 'goods_id' D:\Software\phpstudy\PHPTutorial\WWW\itshop\Application\Runtime\Cache\Home\2a94b8bda04ff446dcedd42276fc99ee.php 第 810 行.
INFO: Run Behavior\ParseTemplateBehavior [ RunTime:0.045120s ]
INFO: [ view_parse ] --END-- [ RunTime:0.045193s ]
INFO: [ view_filter ] --START--
INFO: Run Behavior\WriteHtmlCacheBehavior [ RunTime:0.001231s ]
INFO: [ view_filter ] --END-- [ RunTime:0.001267s ]
INFO: [ app_end ] --START--
INFO: Run Behavior\ShowPageTraceBehavior [ RunTime:0.001416s ]
INFO: [ app_end ] --END-- [ RunTime:0.001459s ]

[ 2018-07-10T18:39:30+08:00 ] 127.0.0.1 /itshop/index.php/Home/Index/detail/id/6.html
INFO: [ app_init ] --START--
INFO: Run Behavior\BuildLiteBehavior [ RunTime:0.000013s ]
INFO: [ app_init ] --END-- [ RunTime:0.000427s ]
INFO: [ app_begin ] --START--
INFO: Run Behavior\ReadHtmlCacheBehavior [ RunTime:0.000988s ]
INFO: [ app_begin ] --END-- [ RunTime:0.001025s ]
SQL: SHOW COLUMNS FROM `sp_goods` [ RunTime:0.0005s ]
SQL: SELECT * FROM `sp_goods` WHERE `goods_id` = 6 LIMIT 1   [ RunTime:0.0002s ]
INFO: [ view_parse ] --START--
INFO: [ template_filter ] --START--
INFO: Run Behavior\ContentReplaceBehavior [ RunTime:0.000175s ]
INFO: [ template_filter ] --END-- [ RunTime:0.000219s ]
INFO: Run Behavior\ParseTemplateBehavior [ RunTime:0.053060s ]
INFO: [ view_parse ] --END-- [ RunTime:0.053142s ]
INFO: [ view_filter ] --START--
INFO: Run Behavior\WriteHtmlCacheBehavior [ RunTime:0.000788s ]
INFO: [ view_filter ] --END-- [ RunTime:0.000818s ]
INFO: [ app_end ] --START--
INFO: Run Behavior\ShowPageTraceBehavior [ RunTime:0.001282s ]
INFO: [ app_end ] --END-- [ RunTime:0.001340s ]

[ 2018-07-10T18:39:34+08:00 ] 127.0.0.1 /itshop/index.php/Home/Index/detail/id/7.html
INFO: [ app_init ] --START--
INFO: Run Behavior\BuildLiteBehavior [ RunTime:0.000011s ]
INFO: [ app_init ] --END-- [ RunTime:0.000405s ]
INFO: [ app_begin ] --START--
INFO: Run Behavior\ReadHtmlCacheBehavior [ RunTime:0.000663s ]
INFO: [ app_begin ] --END-- [ RunTime:0.000700s ]
SQL: SHOW COLUMNS FROM `sp_goods` [ RunTime:0.0012s ]
SQL: SELECT * FROM `sp_goods` WHERE `goods_id` = 7 LIMIT 1   [ RunTime:0.0003s ]
INFO: [ view_parse ] --START--
INFO: [ template_filter ] --START--
INFO: Run Behavior\ContentReplaceBehavior [ RunTime:0.000171s ]
INFO: [ template_filter ] --END-- [ RunTime:0.000215s ]
INFO: Run Behavior\ParseTemplateBehavior [ RunTime:0.045035s ]
INFO: [ view_parse ] --END-- [ RunTime:0.045081s ]
INFO: [ view_filter ] --START--
INFO: Run Behavior\WriteHtmlCacheBehavior [ RunTime:0.000555s ]
INFO: [ view_filter ] --END-- [ RunTime:0.000585s ]
INFO: [ app_end ] --START--
INFO: Run Behavior\ShowPageTraceBehavior [ RunTime:0.001235s ]
INFO: [ app_end ] --END-- [ RunTime:0.001282s ]

[ 2018-07-10T18:39:44+08:00 ] 127.0.0.1 /itshop/index.php/Home/Index/search.html
INFO: [ app_init ] --START--
INFO: Run Behavior\BuildLiteBehavior [ RunTime:0.000053s ]
INFO: [ app_init ] --END-- [ RunTime:0.000834s ]
INFO: [ app_begin ] --START--
INFO: Run Behavior\ReadHtmlCacheBehavior [ RunTime:0.000954s ]
INFO: [ app_begin ] --END-- [ RunTime:0.000999s ]
SQL: SHOW COLUMNS FROM `sp_goods` [ RunTime:0.0005s ]
SQL: SELECT * FROM `sp_goods` WHERE ( goods_name like '%惠普%' )  [ RunTime:0.0002s ]
INFO: [ view_parse ] --START--
INFO: [ template_filter ] --START--
INFO: Run Behavior\ContentReplaceBehavior [ RunTime:0.000108s ]
INFO: [ template_filter ] --END-- [ RunTime:0.000146s ]
NOTIC: [8] Use of undefined constant goods_id - assumed 'goods_id' D:\Software\phpstudy\PHPTutorial\WWW\itshop\Application\Runtime\Cache\Home\bf3b4465296514de17e1f8dd92d84602.php 第 695 行.
NOTIC: [8] Use of undefined constant goods_id - assumed 'goods_id' D:\Software\phpstudy\PHPTutorial\WWW\itshop\Application\Runtime\Cache\Home\bf3b4465296514de17e1f8dd92d84602.php 第 696 行.
INFO: Run Behavior\ParseTemplateBehavior [ RunTime:0.033395s ]
INFO: [ view_parse ] --END-- [ RunTime:0.033433s ]
INFO: [ view_filter ] --START--
INFO: Run Behavior\WriteHtmlCacheBehavior [ RunTime:0.000796s ]
INFO: [ view_filter ] --END-- [ RunTime:0.000826s ]
INFO: [ app_end ] --START--
INFO: Run Behavior\ShowPageTraceBehavior [ RunTime:0.001201s ]
INFO: [ app_end ] --END-- [ RunTime:0.001237s ]

[ 2018-07-10T18:40:16+08:00 ] 127.0.0.1 /itshop/index.php/Home/Index/search.html
INFO: [ app_init ] --START--
INFO: Run Behavior\BuildLiteBehavior [ RunTime:0.000011s ]
INFO: [ app_init ] --END-- [ RunTime:0.000410s ]
INFO: [ app_begin ] --START--
INFO: Run Behavior\ReadHtmlCacheBehavior [ RunTime:0.001038s ]
INFO: [ app_begin ] --END-- [ RunTime:0.001093s ]
SQL: SHOW COLUMNS FROM `sp_goods` [ RunTime:0.0006s ]
SQL: SELECT * FROM `sp_goods` WHERE ( goods_name like '%惠普%' )  [ RunTime:0.0003s ]
INFO: [ view_parse ] --START--
INFO: [ template_filter ] --START--
INFO: Run Behavior\ContentReplaceBehavior [ RunTime:0.000169s ]
INFO: [ template_filter ] --END-- [ RunTime:0.000214s ]
NOTIC: [8] Use of undefined constant goods_id - assumed 'goods_id' D:\Software\phpstudy\PHPTutorial\WWW\itshop\Application\Runtime\Cache\Home\bf3b4465296514de17e1f8dd92d84602.php 第 695 行.
NOTIC: [8] Use of undefined constant goods_id - assumed 'goods_id' D:\Software\phpstudy\PHPTutorial\WWW\itshop\Application\Runtime\Cache\Home\bf3b4465296514de17e1f8dd92d84602.php 第 696 行.
INFO: Run Behavior\ParseTemplateBehavior [ RunTime:0.033823s ]
INFO: [ view_parse ] --END-- [ RunTime:0.033902s ]
INFO: [ view_filter ] --START--
INFO: Run Behavior\WriteHtmlCacheBehavior [ RunTime:0.000762s ]
INFO: [ view_filter ] --END-- [ RunTime:0.000809s ]
INFO: [ app_end ] --START--
INFO: Run Behavior\ShowPageTraceBehavior [ RunTime:0.001141s ]
INFO: [ app_end ] --END-- [ RunTime:0.001183s ]

[ 2018-07-10T18:40:24+08:00 ] 127.0.0.1 /itshop/index.php/Home/Index/search.html
INFO: [ app_init ] --START--
INFO: Run Behavior\BuildLiteBehavior [ RunTime:0.000012s ]
INFO: [ app_init ] --END-- [ RunTime:0.000448s ]
INFO: [ app_begin ] --START--
INFO: Run Behavior\ReadHtmlCacheBehavior [ RunTime:0.000942s ]
INFO: [ app_begin ] --END-- [ RunTime:0.000996s ]
SQL: SHOW COLUMNS FROM `sp_goods` [ RunTime:0.0049s ]
SQL: SELECT * FROM `sp_goods` WHERE ( goods_name like '%小米%' )  [ RunTime:0.0003s ]
INFO: [ view_parse ] --START--
INFO: [ template_filter ] --START--
INFO: Run Behavior\ContentReplaceBehavior [ RunTime:0.000103s ]
INFO: [ template_filter ] --END-- [ RunTime:0.000143s ]
NOTIC: [8] Use of undefined constant goods_id - assumed 'goods_id' D:\Software\phpstudy\PHPTutorial\WWW\itshop\Application\Runtime\Cache\Home\bf3b4465296514de17e1f8dd92d84602.php 第 695 行.
NOTIC: [8] Use of undefined constant goods_id - assumed 'goods_id' D:\Software\phpstudy\PHPTutorial\WWW\itshop\Application\Runtime\Cache\Home\bf3b4465296514de17e1f8dd92d84602.php 第 696 行.
INFO: Run Behavior\ParseTemplateBehavior [ RunTime:0.037071s ]
INFO: [ view_parse ] --END-- [ RunTime:0.037110s ]
INFO: [ view_filter ] --START--
INFO: Run Behavior\WriteHtmlCacheBehavior [ RunTime:0.000728s ]
INFO: [ view_filter ] --END-- [ RunTime:0.000758s ]
INFO: [ app_end ] --START--
INFO: Run Behavior\ShowPageTraceBehavior [ RunTime:0.001231s ]
INFO: [ app_end ] --END-- [ RunTime:0.001281s ]

[ 2018-07-10T18:41:33+08:00 ] 127.0.0.1 /itshop/index.php/Home/Index/search.html
INFO: [ app_init ] --START--
INFO: Run Behavior\BuildLiteBehavior [ RunTime:0.000020s ]
INFO: [ app_init ] --END-- [ RunTime:0.000574s ]
INFO: [ app_begin ] --START--
INFO: Run Behavior\ReadHtmlCacheBehavior [ RunTime:0.000691s ]
INFO: [ app_begin ] --END-- [ RunTime:0.000738s ]
SQL: SHOW COLUMNS FROM `sp_goods` [ RunTime:0.0007s ]
SQL: SELECT * FROM `sp_goods` WHERE ( goods_name like '%小米%' )  [ RunTime:0.0003s ]
INFO: [ view_parse ] --START--
INFO: [ template_filter ] --START--
INFO: Run Behavior\ContentReplaceBehavior [ RunTime:0.000100s ]
INFO: [ template_filter ] --END-- [ RunTime:0.000136s ]
NOTIC: [8] Use of undefined constant goods_id - assumed 'goods_id' D:\Software\phpstudy\PHPTutorial\WWW\itshop\Application\Runtime\Cache\Home\bf3b4465296514de17e1f8dd92d84602.php 第 695 行.
NOTIC: [8] Use of undefined constant goods_id - assumed 'goods_id' D:\Software\phpstudy\PHPTutorial\WWW\itshop\Application\Runtime\Cache\Home\bf3b4465296514de17e1f8dd92d84602.php 第 696 行.
INFO: Run Behavior\ParseTemplateBehavior [ RunTime:0.035702s ]
INFO: [ view_parse ] --END-- [ RunTime:0.035756s ]
INFO: [ view_filter ] --START--
INFO: Run Behavior\WriteHtmlCacheBehavior [ RunTime:0.000737s ]
INFO: [ view_filter ] --END-- [ RunTime:0.000801s ]
INFO: [ app_end ] --START--
INFO: Run Behavior\ShowPageTraceBehavior [ RunTime:0.001288s ]
INFO: [ app_end ] --END-- [ RunTime:0.001337s ]

[ 2018-07-10T18:41:36+08:00 ] 127.0.0.1 /itshop/index.php/Home/Index/search.html
INFO: [ app_init ] --START--
INFO: Run Behavior\BuildLiteBehavior [ RunTime:0.000011s ]
INFO: [ app_init ] --END-- [ RunTime:0.000388s ]
INFO: [ app_begin ] --START--
INFO: Run Behavior\ReadHtmlCacheBehavior [ RunTime:0.000660s ]
INFO: [ app_begin ] --END-- [ RunTime:0.000698s ]
SQL: SHOW COLUMNS FROM `sp_goods` [ RunTime:0.0013s ]
SQL: SELECT * FROM `sp_goods` WHERE ( goods_name like '%%' )  [ RunTime:0.0003s ]
INFO: [ view_parse ] --START--
INFO: [ template_filter ] --START--
INFO: Run Behavior\ContentReplaceBehavior [ RunTime:0.000136s ]
INFO: [ template_filter ] --END-- [ RunTime:0.000174s ]
NOTIC: [8] Use of undefined constant goods_id - assumed 'goods_id' D:\Software\phpstudy\PHPTutorial\WWW\itshop\Application\Runtime\Cache\Home\bf3b4465296514de17e1f8dd92d84602.php 第 695 行.
NOTIC: [8] Use of undefined constant goods_id - assumed 'goods_id' D:\Software\phpstudy\PHPTutorial\WWW\itshop\Application\Runtime\Cache\Home\bf3b4465296514de17e1f8dd92d84602.php 第 696 行.
NOTIC: [8] Use of undefined constant goods_id - assumed 'goods_id' D:\Software\phpstudy\PHPTutorial\WWW\itshop\Application\Runtime\Cache\Home\bf3b4465296514de17e1f8dd92d84602.php 第 695 行.
NOTIC: [8] Use of undefined constant goods_id - assumed 'goods_id' D:\Software\phpstudy\PHPTutorial\WWW\itshop\Application\Runtime\Cache\Home\bf3b4465296514de17e1f8dd92d84602.php 第 696 行.
NOTIC: [8] Use of undefined constant goods_id - assumed 'goods_id' D:\Software\phpstudy\PHPTutorial\WWW\itshop\Application\Runtime\Cache\Home\bf3b4465296514de17e1f8dd92d84602.php 第 695 行.
NOTIC: [8] Use of undefined constant goods_id - assumed 'goods_id' D:\Software\phpstudy\PHPTutorial\WWW\itshop\Application\Runtime\Cache\Home\bf3b4465296514de17e1f8dd92d84602.php 第 696 行.
NOTIC: [8] Use of undefined constant goods_id - assumed 'goods_id' D:\Software\phpstudy\PHPTutorial\WWW\itshop\Application\Runtime\Cache\Home\bf3b4465296514de17e1f8dd92d84602.php 第 695 行.
NOTIC: [8] Use of undefined constant goods_id - assumed 'goods_id' D:\Software\phpstudy\PHPTutorial\WWW\itshop\Application\Runtime\Cache\Home\bf3b4465296514de17e1f8dd92d84602.php 第 696 行.
INFO: Run Behavior\ParseTemplateBehavior [ RunTime:0.032881s ]
INFO: [ view_parse ] --END-- [ RunTime:0.032918s ]
INFO: [ view_filter ] --START--
INFO: Run Behavior\WriteHtmlCacheBehavior [ RunTime:0.000603s ]
INFO: [ view_filter ] --END-- [ RunTime:0.000631s ]
INFO: [ app_end ] --START--
INFO: Run Behavior\ShowPageTraceBehavior [ RunTime:0.001236s ]
INFO: [ app_end ] --END-- [ RunTime:0.001298s ]

[ 2018-07-10T18:41:38+08:00 ] 127.0.0.1 /itshop/index.php/Home/Index/search.html
INFO: [ app_init ] --START--
INFO: Run Behavior\BuildLiteBehavior [ RunTime:0.000011s ]
INFO: [ app_init ] --END-- [ RunTime:0.000416s ]
INFO: [ app_begin ] --START--
INFO: Run Behavior\ReadHtmlCacheBehavior [ RunTime:0.000653s ]
INFO: [ app_begin ] --END-- [ RunTime:0.000690s ]
SQL: SHOW COLUMNS FROM `sp_goods` [ RunTime:0.0005s ]
SQL: SELECT * FROM `sp_goods` WHERE ( goods_name like '%%' )  [ RunTime:0.0003s ]
INFO: [ view_parse ] --START--
INFO: [ template_filter ] --START--
INFO: Run Behavior\ContentReplaceBehavior [ RunTime:0.000104s ]
INFO: [ template_filter ] --END-- [ RunTime:0.000158s ]
NOTIC: [8] Use of undefined constant goods_id - assumed 'goods_id' D:\Software\phpstudy\PHPTutorial\WWW\itshop\Application\Runtime\Cache\Home\bf3b4465296514de17e1f8dd92d84602.php 第 695 行.
NOTIC: [8] Use of undefined constant goods_id - assumed 'goods_id' D:\Software\phpstudy\PHPTutorial\WWW\itshop\Application\Runtime\Cache\Home\bf3b4465296514de17e1f8dd92d84602.php 第 696 行.
NOTIC: [8] Use of undefined constant goods_id - assumed 'goods_id' D:\Software\phpstudy\PHPTutorial\WWW\itshop\Application\Runtime\Cache\Home\bf3b4465296514de17e1f8dd92d84602.php 第 695 行.
NOTIC: [8] Use of undefined constant goods_id - assumed 'goods_id' D:\Software\phpstudy\PHPTutorial\WWW\itshop\Application\Runtime\Cache\Home\bf3b4465296514de17e1f8dd92d84602.php 第 696 行.
NOTIC: [8] Use of undefined constant goods_id - assumed 'goods_id' D:\Software\phpstudy\PHPTutorial\WWW\itshop\Application\Runtime\Cache\Home\bf3b4465296514de17e1f8dd92d84602.php 第 695 行.
NOTIC: [8] Use of undefined constant goods_id - assumed 'goods_id' D:\Software\phpstudy\PHPTutorial\WWW\itshop\Application\Runtime\Cache\Home\bf3b4465296514de17e1f8dd92d84602.php 第 696 行.
NOTIC: [8] Use of undefined constant goods_id - assumed 'goods_id' D:\Software\phpstudy\PHPTutorial\WWW\itshop\Application\Runtime\Cache\Home\bf3b4465296514de17e1f8dd92d84602.php 第 695 行.
NOTIC: [8] Use of undefined constant goods_id - assumed 'goods_id' D:\Software\phpstudy\PHPTutorial\WWW\itshop\Application\Runtime\Cache\Home\bf3b4465296514de17e1f8dd92d84602.php 第 696 行.
INFO: Run Behavior\ParseTemplateBehavior [ RunTime:0.042230s ]
INFO: [ view_parse ] --END-- [ RunTime:0.042268s ]
INFO: [ view_filter ] --START--
INFO: Run Behavior\WriteHtmlCacheBehavior [ RunTime:0.000558s ]
INFO: [ view_filter ] --END-- [ RunTime:0.000605s ]
INFO: [ app_end ] --START--
INFO: Run Behavior\ShowPageTraceBehavior [ RunTime:0.001343s ]
INFO: [ app_end ] --END-- [ RunTime:0.001396s ]

[ 2018-07-10T18:41:40+08:00 ] 127.0.0.1 /itshop/index.php/Home/Index/index.html
INFO: [ app_init ] --START--
INFO: Run Behavior\BuildLiteBehavior [ RunTime:0.000011s ]
INFO: [ app_init ] --END-- [ RunTime:0.000372s ]
INFO: [ app_begin ] --START--
INFO: Run Behavior\ReadHtmlCacheBehavior [ RunTime:0.000675s ]
INFO: [ app_begin ] --END-- [ RunTime:0.000717s ]
SQL: SHOW COLUMNS FROM `sp_goods` [ RunTime:0.0005s ]
SQL: SELECT * FROM `sp_goods` WHERE ( goods_isdel="上架" and goods_tj=1 )  [ RunTime:0.0003s ]
SQL: SELECT * FROM `sp_goods` WHERE ( goods_isdel="上架" and goods_cateid=3 ) LIMIT 0,8   [ RunTime:0.0002s ]
INFO: [ view_parse ] --START--
INFO: [ template_filter ] --START--
INFO: Run Behavior\ContentReplaceBehavior [ RunTime:0.000186s ]
INFO: [ template_filter ] --END-- [ RunTime:0.000242s ]
NOTIC: [8] Use of undefined constant goods_id - assumed 'goods_id' D:\Software\phpstudy\PHPTutorial\WWW\itshop\Application\Runtime\Cache\Home\2a94b8bda04ff446dcedd42276fc99ee.php 第 797 行.
NOTIC: [8] Use of undefined constant goods_id - assumed 'goods_id' D:\Software\phpstudy\PHPTutorial\WWW\itshop\Application\Runtime\Cache\Home\2a94b8bda04ff446dcedd42276fc99ee.php 第 798 行.
NOTIC: [8] Use of undefined constant goods_id - assumed 'goods_id' D:\Software\phpstudy\PHPTutorial\WWW\itshop\Application\Runtime\Cache\Home\2a94b8bda04ff446dcedd42276fc99ee.php 第 797 行.
NOTIC: [8] Use of undefined constant goods_id - assumed 'goods_id' D:\Software\phpstudy\PHPTutorial\WWW\itshop\Application\Runtime\Cache\Home\2a94b8bda04ff446dcedd42276fc99ee.php 第 798 行.
NOTIC: [8] Use of undefined constant goods_id - assumed 'goods_id' D:\Software\phpstudy\PHPTutorial\WWW\itshop\Application\Runtime\Cache\Home\2a94b8bda04ff446dcedd42276fc99ee.php 第 797 行.
NOTIC: [8] Use of undefined constant goods_id - assumed 'goods_id' D:\Software\phpstudy\PHPTutorial\WWW\itshop\Application\Runtime\Cache\Home\2a94b8bda04ff446dcedd42276fc99ee.php 第 798 行.
NOTIC: [8] Use of undefined constant goods_id - assumed 'goods_id' D:\Software\phpstudy\PHPTutorial\WWW\itshop\Application\Runtime\Cache\Home\2a94b8bda04ff446dcedd42276fc99ee.php 第 809 行.
NOTIC: [8] Use of undefined constant goods_id - assumed 'goods_id' D:\Software\phpstudy\PHPTutorial\WWW\itshop\Application\Runtime\Cache\Home\2a94b8bda04ff446dcedd42276fc99ee.php 第 810 行.
NOTIC: [8] Use of undefined constant goods_id - assumed 'goods_id' D:\Software\phpstudy\PHPTutorial\WWW\itshop\Application\Runtime\Cache\Home\2a94b8bda04ff446dcedd42276fc99ee.php 第 809 行.
NOTIC: [8] Use of undefined constant goods_id - assumed 'goods_id' D:\Software\phpstudy\PHPTutorial\WWW\itshop\Application\Runtime\Cache\Home\2a94b8bda04ff446dcedd42276fc99ee.php 第 810 行.
NOTIC: [8] Use of undefined constant goods_id - assumed 'goods_id' D:\Software\phpstudy\PHPTutorial\WWW\itshop\Application\Runtime\Cache\Home\2a94b8bda04ff446dcedd42276fc99ee.php 第 809 行.
NOTIC: [8] Use of undefined constant goods_id - assumed 'goods_id' D:\Software\phpstudy\PHPTutorial\WWW\itshop\Application\Runtime\Cache\Home\2a94b8bda04ff446dcedd42276fc99ee.php 第 810 行.
INFO: Run Behavior\ParseTemplateBehavior [ RunTime:0.042162s ]
INFO: [ view_parse ] --END-- [ RunTime:0.042198s ]
INFO: [ view_filter ] --START--
INFO: Run Behavior\WriteHtmlCacheBehavior [ RunTime:0.000594s ]
INFO: [ view_filter ] --END-- [ RunTime:0.000622s ]
INFO: [ app_end ] --START--
INFO: Run Behavior\ShowPageTraceBehavior [ RunTime:0.000987s ]
INFO: [ app_end ] --END-- [ RunTime:0.001022s ]

[ 2018-07-10T18:42:21+08:00 ] 127.0.0.1 /itshop/index.php/Home/Index/search.html
INFO: [ app_init ] --START--
INFO: Run Behavior\BuildLiteBehavior [ RunTime:0.000032s ]
INFO: [ app_init ] --END-- [ RunTime:0.000950s ]
INFO: [ app_begin ] --START--
INFO: Run Behavior\ReadHtmlCacheBehavior [ RunTime:0.001199s ]
INFO: [ app_begin ] --END-- [ RunTime:0.001303s ]
SQL: SHOW COLUMNS FROM `sp_goods` [ RunTime:0.0007s ]
SQL: SELECT * FROM `sp_goods` WHERE ( goods_name like '%刘鼎%' )  [ RunTime:0.0003s ]
INFO: [ view_parse ] --START--
INFO: [ template_filter ] --START--
INFO: Run Behavior\ContentReplaceBehavior [ RunTime:0.000114s ]
INFO: [ template_filter ] --END-- [ RunTime:0.000158s ]
NOTIC: [8] Use of undefined constant goods_id - assumed 'goods_id' D:\Software\phpstudy\PHPTutorial\WWW\itshop\Application\Runtime\Cache\Home\bf3b4465296514de17e1f8dd92d84602.php 第 695 行.
NOTIC: [8] Use of undefined constant goods_id - assumed 'goods_id' D:\Software\phpstudy\PHPTutorial\WWW\itshop\Application\Runtime\Cache\Home\bf3b4465296514de17e1f8dd92d84602.php 第 696 行.
INFO: Run Behavior\ParseTemplateBehavior [ RunTime:0.034461s ]
INFO: [ view_parse ] --END-- [ RunTime:0.034498s ]
INFO: [ view_filter ] --START--
INFO: Run Behavior\WriteHtmlCacheBehavior [ RunTime:0.000870s ]
INFO: [ view_filter ] --END-- [ RunTime:0.000914s ]
INFO: [ app_end ] --START--
INFO: Run Behavior\ShowPageTraceBehavior [ RunTime:0.001110s ]
INFO: [ app_end ] --END-- [ RunTime:0.001179s ]

[ 2018-07-10T18:42:23+08:00 ] 127.0.0.1 /itshop/index.php/Home/Index/detail/id/8.html
INFO: [ app_init ] --START--
INFO: Run Behavior\BuildLiteBehavior [ RunTime:0.000011s ]
INFO: [ app_init ] --END-- [ RunTime:0.000421s ]
INFO: [ app_begin ] --START--
INFO: Run Behavior\ReadHtmlCacheBehavior [ RunTime:0.000630s ]
INFO: [ app_begin ] --END-- [ RunTime:0.000667s ]
SQL: SHOW COLUMNS FROM `sp_goods` [ RunTime:0.0009s ]
SQL: SELECT * FROM `sp_goods` WHERE `goods_id` = 8 LIMIT 1   [ RunTime:0.0003s ]
INFO: [ view_parse ] --START--
INFO: [ template_filter ] --START--
INFO: Run Behavior\ContentReplaceBehavior [ RunTime:0.000353s ]
INFO: [ template_filter ] --END-- [ RunTime:0.000506s ]
INFO: Run Behavior\ParseTemplateBehavior [ RunTime:0.042386s ]
INFO: [ view_parse ] --END-- [ RunTime:0.042454s ]
INFO: [ view_filter ] --START--
INFO: Run Behavior\WriteHtmlCacheBehavior [ RunTime:0.000630s ]
INFO: [ view_filter ] --END-- [ RunTime:0.000680s ]
INFO: [ app_end ] --START--
INFO: Run Behavior\ShowPageTraceBehavior [ RunTime:0.000996s ]
INFO: [ app_end ] --END-- [ RunTime:0.001037s ]

[ 2018-07-10T18:47:09+08:00 ] 127.0.0.1 /itshop/
INFO: [ app_init ] --START--
INFO: Run Behavior\BuildLiteBehavior [ RunTime:0.000059s ]
INFO: [ app_init ] --END-- [ RunTime:0.002387s ]
INFO: [ app_begin ] --START--
INFO: Run Behavior\ReadHtmlCacheBehavior [ RunTime:0.002510s ]
INFO: [ app_begin ] --END-- [ RunTime:0.002594s ]
SQL: SHOW COLUMNS FROM `sp_goods` [ RunTime:0.0008s ]
SQL: SELECT * FROM `sp_goods` WHERE ( goods_isdel="上架" and goods_tj=1 )  [ RunTime:0.0005s ]
SQL: SELECT * FROM `sp_goods` WHERE ( goods_isdel="上架" and goods_cateid=3 ) LIMIT 0,8   [ RunTime:0.0003s ]
INFO: [ view_parse ] --START--
INFO: [ template_filter ] --START--
INFO: Run Behavior\ContentReplaceBehavior [ RunTime:0.000189s ]
INFO: [ template_filter ] --END-- [ RunTime:0.000242s ]
NOTIC: [8] Use of undefined constant goods_id - assumed 'goods_id' D:\Software\phpstudy\PHPTutorial\WWW\itshop\Application\Runtime\Cache\Home\2a94b8bda04ff446dcedd42276fc99ee.php 第 797 行.
NOTIC: [8] Use of undefined constant goods_id - assumed 'goods_id' D:\Software\phpstudy\PHPTutorial\WWW\itshop\Application\Runtime\Cache\Home\2a94b8bda04ff446dcedd42276fc99ee.php 第 798 行.
NOTIC: [8] Use of undefined constant goods_id - assumed 'goods_id' D:\Software\phpstudy\PHPTutorial\WWW\itshop\Application\Runtime\Cache\Home\2a94b8bda04ff446dcedd42276fc99ee.php 第 797 行.
NOTIC: [8] Use of undefined constant goods_id - assumed 'goods_id' D:\Software\phpstudy\PHPTutorial\WWW\itshop\Application\Runtime\Cache\Home\2a94b8bda04ff446dcedd42276fc99ee.php 第 798 行.
NOTIC: [8] Use of undefined constant goods_id - assumed 'goods_id' D:\Software\phpstudy\PHPTutorial\WWW\itshop\Application\Runtime\Cache\Home\2a94b8bda04ff446dcedd42276fc99ee.php 第 797 行.
NOTIC: [8] Use of undefined constant goods_id - assumed 'goods_id' D:\Software\phpstudy\PHPTutorial\WWW\itshop\Application\Runtime\Cache\Home\2a94b8bda04ff446dcedd42276fc99ee.php 第 798 行.
NOTIC: [8] Use of undefined constant goods_id - assumed 'goods_id' D:\Software\phpstudy\PHPTutorial\WWW\itshop\Application\Runtime\Cache\Home\2a94b8bda04ff446dcedd42276fc99ee.php 第 809 行.
NOTIC: [8] Use of undefined constant goods_id - assumed 'goods_id' D:\Software\phpstudy\PHPTutorial\WWW\itshop\Application\Runtime\Cache\Home\2a94b8bda04ff446dcedd42276fc99ee.php 第 810 行.
NOTIC: [8] Use of undefined constant goods_id - assumed 'goods_id' D:\Software\phpstudy\PHPTutorial\WWW\itshop\Application\Runtime\Cache\Home\2a94b8bda04ff446dcedd42276fc99ee.php 第 809 行.
NOTIC: [8] Use of undefined constant goods_id - assumed 'goods_id' D:\Software\phpstudy\PHPTutorial\WWW\itshop\Application\Runtime\Cache\Home\2a94b8bda04ff446dcedd42276fc99ee.php 第 810 行.
NOTIC: [8] Use of undefined constant goods_id - assumed 'goods_id' D:\Software\phpstudy\PHPTutorial\WWW\itshop\Application\Runtime\Cache\Home\2a94b8bda04ff446dcedd42276fc99ee.php 第 809 行.
NOTIC: [8] Use of undefined constant goods_id - assumed 'goods_id' D:\Software\phpstudy\PHPTutorial\WWW\itshop\Application\Runtime\Cache\Home\2a94b8bda04ff446dcedd42276fc99ee.php 第 810 行.
INFO: Run Behavior\ParseTemplateBehavior [ RunTime:0.062028s ]
INFO: [ view_parse ] --END-- [ RunTime:0.062086s ]
INFO: [ view_filter ] --START--
INFO: Run Behavior\WriteHtmlCacheBehavior [ RunTime:0.000809s ]
INFO: [ view_filter ] --END-- [ RunTime:0.000840s ]
INFO: [ app_end ] --START--
INFO: Run Behavior\ShowPageTraceBehavior [ RunTime:0.001174s ]
INFO: [ app_end ] --END-- [ RunTime:0.001219s ]

[ 2018-07-10T18:47:20+08:00 ] 127.0.0.1 /itshop/index.php/Home/Index/detail/id/8.html
INFO: [ app_init ] --START--
INFO: Run Behavior\BuildLiteBehavior [ RunTime:0.000011s ]
INFO: [ app_init ] --END-- [ RunTime:0.000376s ]
INFO: [ app_begin ] --START--
INFO: Run Behavior\ReadHtmlCacheBehavior [ RunTime:0.002629s ]
INFO: [ app_begin ] --END-- [ RunTime:0.002787s ]
SQL: SHOW COLUMNS FROM `sp_goods` [ RunTime:0.0006s ]
SQL: SELECT * FROM `sp_goods` WHERE `goods_id` = 8 LIMIT 1   [ RunTime:0.0003s ]
INFO: [ view_parse ] --START--
INFO: [ template_filter ] --START--
INFO: Run Behavior\ContentReplaceBehavior [ RunTime:0.000180s ]
INFO: [ template_filter ] --END-- [ RunTime:0.000221s ]
INFO: Run Behavior\ParseTemplateBehavior [ RunTime:0.062393s ]
INFO: [ view_parse ] --END-- [ RunTime:0.062458s ]
INFO: [ view_filter ] --START--
INFO: Run Behavior\WriteHtmlCacheBehavior [ RunTime:0.001231s ]
INFO: [ view_filter ] --END-- [ RunTime:0.001296s ]
INFO: [ app_end ] --START--
INFO: Run Behavior\ShowPageTraceBehavior [ RunTime:0.001978s ]
INFO: [ app_end ] --END-- [ RunTime:0.002030s ]

[ 2018-07-10T18:47:36+08:00 ] 127.0.0.1 /itshop/index.php/Home/Index/search.html
INFO: [ app_init ] --START--
INFO: Run Behavior\BuildLiteBehavior [ RunTime:0.000012s ]
INFO: [ app_init ] --END-- [ RunTime:0.000383s ]
INFO: [ app_begin ] --START--
INFO: Run Behavior\ReadHtmlCacheBehavior [ RunTime:0.000922s ]
INFO: [ app_begin ] --END-- [ RunTime:0.000960s ]
SQL: SHOW COLUMNS FROM `sp_goods` [ RunTime:0.0007s ]
SQL: SELECT * FROM `sp_goods` WHERE ( goods_name like '%小米%' )  [ RunTime:0.0006s ]
INFO: [ view_parse ] --START--
INFO: [ template_filter ] --START--
INFO: Run Behavior\ContentReplaceBehavior [ RunTime:0.000198s ]
INFO: [ template_filter ] --END-- [ RunTime:0.000304s ]
NOTIC: [8] Use of undefined constant goods_id - assumed 'goods_id' D:\Software\phpstudy\PHPTutorial\WWW\itshop\Application\Runtime\Cache\Home\bf3b4465296514de17e1f8dd92d84602.php 第 695 行.
NOTIC: [8] Use of undefined constant goods_id - assumed 'goods_id' D:\Software\phpstudy\PHPTutorial\WWW\itshop\Application\Runtime\Cache\Home\bf3b4465296514de17e1f8dd92d84602.php 第 696 行.
INFO: Run Behavior\ParseTemplateBehavior [ RunTime:0.049539s ]
INFO: [ view_parse ] --END-- [ RunTime:0.049579s ]
INFO: [ view_filter ] --START--
INFO: Run Behavior\WriteHtmlCacheBehavior [ RunTime:0.000775s ]
INFO: [ view_filter ] --END-- [ RunTime:0.000806s ]
INFO: [ app_end ] --START--
INFO: Run Behavior\ShowPageTraceBehavior [ RunTime:0.001309s ]
INFO: [ app_end ] --END-- [ RunTime:0.001359s ]

[ 2018-07-10T18:47:39+08:00 ] 127.0.0.1 /itshop/index.php/Home/Index/detail/id/6.html
INFO: [ app_init ] --START--
INFO: Run Behavior\BuildLiteBehavior [ RunTime:0.000011s ]
INFO: [ app_init ] --END-- [ RunTime:0.000373s ]
INFO: [ app_begin ] --START--
INFO: Run Behavior\ReadHtmlCacheBehavior [ RunTime:0.000921s ]
INFO: [ app_begin ] --END-- [ RunTime:0.000958s ]
SQL: SHOW COLUMNS FROM `sp_goods` [ RunTime:0.0006s ]
SQL: SELECT * FROM `sp_goods` WHERE `goods_id` = 6 LIMIT 1   [ RunTime:0.0003s ]
INFO: [ view_parse ] --START--
INFO: [ template_filter ] --START--
INFO: Run Behavior\ContentReplaceBehavior [ RunTime:0.000179s ]
INFO: [ template_filter ] --END-- [ RunTime:0.000232s ]
INFO: Run Behavior\ParseTemplateBehavior [ RunTime:0.053897s ]
INFO: [ view_parse ] --END-- [ RunTime:0.053945s ]
INFO: [ view_filter ] --START--
INFO: Run Behavior\WriteHtmlCacheBehavior [ RunTime:0.000730s ]
INFO: [ view_filter ] --END-- [ RunTime:0.000760s ]
INFO: [ app_end ] --START--
INFO: Run Behavior\ShowPageTraceBehavior [ RunTime:0.001371s ]
INFO: [ app_end ] --END-- [ RunTime:0.001428s ]

[ 2018-07-10T18:49:15+08:00 ] 127.0.0.1 /itshop/
INFO: [ app_init ] --START--
INFO: Run Behavior\BuildLiteBehavior [ RunTime:0.000011s ]
INFO: [ app_init ] --END-- [ RunTime:0.000384s ]
INFO: [ app_begin ] --START--
INFO: Run Behavior\ReadHtmlCacheBehavior [ RunTime:0.001070s ]
INFO: [ app_begin ] --END-- [ RunTime:0.001136s ]
SQL: SHOW COLUMNS FROM `sp_goods` [ RunTime:0.0005s ]
SQL: SELECT * FROM `sp_goods` WHERE ( goods_isdel="上架" and goods_tj=1 )  [ RunTime:0.0003s ]
SQL: SELECT * FROM `sp_goods` WHERE ( goods_isdel="上架" and goods_cateid=3 ) LIMIT 0,8   [ RunTime:0.0003s ]
INFO: [ view_parse ] --START--
INFO: [ template_filter ] --START--
INFO: Run Behavior\ContentReplaceBehavior [ RunTime:0.000401s ]
INFO: [ template_filter ] --END-- [ RunTime:0.000596s ]
NOTIC: [8] Use of undefined constant goods_id - assumed 'goods_id' D:\Software\phpstudy\PHPTutorial\WWW\itshop\Application\Runtime\Cache\Home\2a94b8bda04ff446dcedd42276fc99ee.php 第 797 行.
NOTIC: [8] Use of undefined constant goods_id - assumed 'goods_id' D:\Software\phpstudy\PHPTutorial\WWW\itshop\Application\Runtime\Cache\Home\2a94b8bda04ff446dcedd42276fc99ee.php 第 798 行.
NOTIC: [8] Use of undefined constant goods_id - assumed 'goods_id' D:\Software\phpstudy\PHPTutorial\WWW\itshop\Application\Runtime\Cache\Home\2a94b8bda04ff446dcedd42276fc99ee.php 第 797 行.
NOTIC: [8] Use of undefined constant goods_id - assumed 'goods_id' D:\Software\phpstudy\PHPTutorial\WWW\itshop\Application\Runtime\Cache\Home\2a94b8bda04ff446dcedd42276fc99ee.php 第 798 行.
NOTIC: [8] Use of undefined constant goods_id - assumed 'goods_id' D:\Software\phpstudy\PHPTutorial\WWW\itshop\Application\Runtime\Cache\Home\2a94b8bda04ff446dcedd42276fc99ee.php 第 797 行.
NOTIC: [8] Use of undefined constant goods_id - assumed 'goods_id' D:\Software\phpstudy\PHPTutorial\WWW\itshop\Application\Runtime\Cache\Home\2a94b8bda04ff446dcedd42276fc99ee.php 第 798 行.
NOTIC: [8] Use of undefined constant goods_id - assumed 'goods_id' D:\Software\phpstudy\PHPTutorial\WWW\itshop\Application\Runtime\Cache\Home\2a94b8bda04ff446dcedd42276fc99ee.php 第 809 行.
NOTIC: [8] Use of undefined constant goods_id - assumed 'goods_id' D:\Software\phpstudy\PHPTutorial\WWW\itshop\Application\Runtime\Cache\Home\2a94b8bda04ff446dcedd42276fc99ee.php 第 810 行.
NOTIC: [8] Use of undefined constant goods_id - assumed 'goods_id' D:\Software\phpstudy\PHPTutorial\WWW\itshop\Application\Runtime\Cache\Home\2a94b8bda04ff446dcedd42276fc99ee.php 第 809 行.
NOTIC: [8] Use of undefined constant goods_id - assumed 'goods_id' D:\Software\phpstudy\PHPTutorial\WWW\itshop\Application\Runtime\Cache\Home\2a94b8bda04ff446dcedd42276fc99ee.php 第 810 行.
INFO: Run Behavior\ParseTemplateBehavior [ RunTime:0.075056s ]
INFO: [ view_parse ] --END-- [ RunTime:0.075566s ]
INFO: [ view_filter ] --START--
INFO: Run Behavior\WriteHtmlCacheBehavior [ RunTime:0.001672s ]
INFO: [ view_filter ] --END-- [ RunTime:0.001776s ]
INFO: [ app_end ] --START--
INFO: Run Behavior\ShowPageTraceBehavior [ RunTime:0.001658s ]
INFO: [ app_end ] --END-- [ RunTime:0.001752s ]

[ 2018-07-10T18:53:11+08:00 ] 127.0.0.1 /itshop/index.php/Home/Index/search.html
INFO: [ app_init ] --START--
INFO: Run Behavior\BuildLiteBehavior [ RunTime:0.000012s ]
INFO: [ app_init ] --END-- [ RunTime:0.000389s ]
INFO: [ app_begin ] --START--
INFO: Run Behavior\ReadHtmlCacheBehavior [ RunTime:0.000939s ]
INFO: [ app_begin ] --END-- [ RunTime:0.000977s ]
SQL: SHOW COLUMNS FROM `sp_goods` [ RunTime:0.0007s ]
SQL: SELECT * FROM `sp_goods` WHERE ( goods_name like '%刘鼎%' )  [ RunTime:0.0003s ]
INFO: [ view_parse ] --START--
INFO: [ template_filter ] --START--
INFO: Run Behavior\ContentReplaceBehavior [ RunTime:0.000099s ]
INFO: [ template_filter ] --END-- [ RunTime:0.000136s ]
NOTIC: [8] Use of undefined constant goods_id - assumed 'goods_id' D:\Software\phpstudy\PHPTutorial\WWW\itshop\Application\Runtime\Cache\Home\bf3b4465296514de17e1f8dd92d84602.php 第 695 行.
NOTIC: [8] Use of undefined constant goods_id - assumed 'goods_id' D:\Software\phpstudy\PHPTutorial\WWW\itshop\Application\Runtime\Cache\Home\bf3b4465296514de17e1f8dd92d84602.php 第 696 行.
INFO: Run Behavior\ParseTemplateBehavior [ RunTime:0.040515s ]
INFO: [ view_parse ] --END-- [ RunTime:0.040552s ]
INFO: [ view_filter ] --START--
INFO: Run Behavior\WriteHtmlCacheBehavior [ RunTime:0.000753s ]
INFO: [ view_filter ] --END-- [ RunTime:0.000784s ]
INFO: [ app_end ] --START--
INFO: Run Behavior\ShowPageTraceBehavior [ RunTime:0.001098s ]
INFO: [ app_end ] --END-- [ RunTime:0.001133s ]

