[ 2018-07-04T20:21:28+08:00 ] 127.0.0.1 /thinkphp/
INFO: [ app_init ] --START--
INFO: Run Behavior\BuildLiteBehavior [ RunTime:0.000012s ]
INFO: [ app_init ] --END-- [ RunTime:0.000530s ]
INFO: [ app_begin ] --START--
INFO: Run Behavior\ReadHtmlCacheBehavior [ RunTime:0.075715s ]
INFO: [ app_begin ] --END-- [ RunTime:0.075772s ]
SQL: SHOW COLUMNS FROM `sp_goods` [ RunTime:0.0009s ]
SQL: SELECT * FROM `sp_goods` WHERE ( goods_isdel="上架" and goods_tj=1 )  [ RunTime:0.0003s ]
SQL: SELECT * FROM `sp_goods` WHERE ( goods_isdel="上架" and goods_cateid=3 ) LIMIT 0,8   [ RunTime:0.0003s ]
INFO: [ view_parse ] --START--
INFO: [ template_filter ] --START--
INFO: Run Behavior\ContentReplaceBehavior [ RunTime:0.000216s ]
INFO: [ template_filter ] --END-- [ RunTime:0.000255s ]
NOTIC: [8] Use of undefined constant goods_id - assumed 'goods_id' D:\Software\phpstudy\PHPTutorial\WWW\thinkphp\Application\Runtime\Cache\Home\2a94b8bda04ff446dcedd42276fc99ee.php 第 797 行.
NOTIC: [8] Use of undefined constant goods_id - assumed 'goods_id' D:\Software\phpstudy\PHPTutorial\WWW\thinkphp\Application\Runtime\Cache\Home\2a94b8bda04ff446dcedd42276fc99ee.php 第 798 行.
NOTIC: [8] Use of undefined constant goods_id - assumed 'goods_id' D:\Software\phpstudy\PHPTutorial\WWW\thinkphp\Application\Runtime\Cache\Home\2a94b8bda04ff446dcedd42276fc99ee.php 第 797 行.
NOTIC: [8] Use of undefined constant goods_id - assumed 'goods_id' D:\Software\phpstudy\PHPTutorial\WWW\thinkphp\Application\Runtime\Cache\Home\2a94b8bda04ff446dcedd42276fc99ee.php 第 798 行.
NOTIC: [8] Use of undefined constant goods_id - assumed 'goods_id' D:\Software\phpstudy\PHPTutorial\WWW\thinkphp\Application\Runtime\Cache\Home\2a94b8bda04ff446dcedd42276fc99ee.php 第 809 行.
NOTIC: [8] Use of undefined constant goods_id - assumed 'goods_id' D:\Software\phpstudy\PHPTutorial\WWW\thinkphp\Application\Runtime\Cache\Home\2a94b8bda04ff446dcedd42276fc99ee.php 第 810 行.
NOTIC: [8] Use of undefined constant goods_id - assumed 'goods_id' D:\Software\phpstudy\PHPTutorial\WWW\thinkphp\Application\Runtime\Cache\Home\2a94b8bda04ff446dcedd42276fc99ee.php 第 809 行.
NOTIC: [8] Use of undefined constant goods_id - assumed 'goods_id' D:\Software\phpstudy\PHPTutorial\WWW\thinkphp\Application\Runtime\Cache\Home\2a94b8bda04ff446dcedd42276fc99ee.php 第 810 行.
INFO: Run Behavior\ParseTemplateBehavior [ RunTime:0.182013s ]
INFO: [ view_parse ] --END-- [ RunTime:0.182065s ]
INFO: [ view_filter ] --START--
INFO: Run Behavior\WriteHtmlCacheBehavior [ RunTime:0.019415s ]
INFO: [ view_filter ] --END-- [ RunTime:0.019453s ]
INFO: [ app_end ] --START--
INFO: Run Behavior\ShowPageTraceBehavior [ RunTime:0.034143s ]
INFO: [ app_end ] --END-- [ RunTime:0.034217s ]

[ 2018-07-04T21:23:04+08:00 ] 127.0.0.1 /thinkphp/
INFO: [ app_init ] --START--
INFO: Run Behavior\BuildLiteBehavior [ RunTime:0.000016s ]
INFO: [ app_init ] --END-- [ RunTime:0.000583s ]
INFO: [ app_begin ] --START--
INFO: Run Behavior\ReadHtmlCacheBehavior [ RunTime:0.001247s ]
INFO: [ app_begin ] --END-- [ RunTime:0.001303s ]
SQL: SHOW COLUMNS FROM `sp_goods` [ RunTime:0.0018s ]
SQL: SELECT * FROM `sp_goods` WHERE ( goods_isdel="上架" and goods_tj=1 )  [ RunTime:0.0004s ]
SQL: SELECT * FROM `sp_goods` WHERE ( goods_isdel="上架" and goods_cateid=3 ) LIMIT 0,8   [ RunTime:0.0003s ]
INFO: [ view_parse ] --START--
INFO: [ template_filter ] --START--
INFO: Run Behavior\ContentReplaceBehavior [ RunTime:0.000177s ]
INFO: [ template_filter ] --END-- [ RunTime:0.000239s ]
NOTIC: [8] Use of undefined constant goods_id - assumed 'goods_id' D:\Software\phpstudy\PHPTutorial\WWW\thinkphp\Application\Runtime\Cache\Home\2a94b8bda04ff446dcedd42276fc99ee.php 第 797 行.
NOTIC: [8] Use of undefined constant goods_id - assumed 'goods_id' D:\Software\phpstudy\PHPTutorial\WWW\thinkphp\Application\Runtime\Cache\Home\2a94b8bda04ff446dcedd42276fc99ee.php 第 798 行.
NOTIC: [8] Use of undefined constant goods_id - assumed 'goods_id' D:\Software\phpstudy\PHPTutorial\WWW\thinkphp\Application\Runtime\Cache\Home\2a94b8bda04ff446dcedd42276fc99ee.php 第 797 行.
NOTIC: [8] Use of undefined constant goods_id - assumed 'goods_id' D:\Software\phpstudy\PHPTutorial\WWW\thinkphp\Application\Runtime\Cache\Home\2a94b8bda04ff446dcedd42276fc99ee.php 第 798 行.
NOTIC: [8] Use of undefined constant goods_id - assumed 'goods_id' D:\Software\phpstudy\PHPTutorial\WWW\thinkphp\Application\Runtime\Cache\Home\2a94b8bda04ff446dcedd42276fc99ee.php 第 809 行.
NOTIC: [8] Use of undefined constant goods_id - assumed 'goods_id' D:\Software\phpstudy\PHPTutorial\WWW\thinkphp\Application\Runtime\Cache\Home\2a94b8bda04ff446dcedd42276fc99ee.php 第 810 行.
NOTIC: [8] Use of undefined constant goods_id - assumed 'goods_id' D:\Software\phpstudy\PHPTutorial\WWW\thinkphp\Application\Runtime\Cache\Home\2a94b8bda04ff446dcedd42276fc99ee.php 第 809 行.
NOTIC: [8] Use of undefined constant goods_id - assumed 'goods_id' D:\Software\phpstudy\PHPTutorial\WWW\thinkphp\Application\Runtime\Cache\Home\2a94b8bda04ff446dcedd42276fc99ee.php 第 810 行.
INFO: Run Behavior\ParseTemplateBehavior [ RunTime:0.054420s ]
INFO: [ view_parse ] --END-- [ RunTime:0.054468s ]
INFO: [ view_filter ] --START--
INFO: Run Behavior\WriteHtmlCacheBehavior [ RunTime:0.000690s ]
INFO: [ view_filter ] --END-- [ RunTime:0.000720s ]
INFO: [ app_end ] --START--
INFO: Run Behavior\ShowPageTraceBehavior [ RunTime:0.001225s ]
INFO: [ app_end ] --END-- [ RunTime:0.001271s ]

