[ 2018-07-03T10:17:26+08:00 ] 127.0.0.1 /favicon.ico
INFO: [ app_init ] --START--
INFO: Run Behavior\BuildLiteBehavior [ RunTime:0.000020s ]
INFO: [ app_init ] --END-- [ RunTime:0.000647s ]
ERR: 无法加载模块:Favicon

[ 2018-07-03T11:03:18+08:00 ] 127.0.0.1 /favicon.ico
INFO: [ app_init ] --START--
INFO: Run Behavior\BuildLiteBehavior [ RunTime:0.000013s ]
INFO: [ app_init ] --END-- [ RunTime:0.000523s ]
ERR: 无法加载模块:Favicon

[ 2018-07-03T12:14:32+08:00 ] 127.0.0.1 /upload/2017-12-21/thumb_5a3b4c3502afd.jpg
INFO: [ app_init ] --START--
INFO: Run Behavior\BuildLiteBehavior [ RunTime:0.000013s ]
INFO: [ app_init ] --END-- [ RunTime:0.000346s ]
ERR: 无法加载模块:Upload

[ 2018-07-03T12:14:32+08:00 ] 127.0.0.1 /upload/2017-12-21/thumb_5a3b4af4d02d5.jpg
INFO: [ app_init ] --START--
INFO: Run Behavior\BuildLiteBehavior [ RunTime:0.000012s ]
INFO: [ app_init ] --END-- [ RunTime:0.000484s ]
ERR: 无法加载模块:Upload

[ 2018-07-03T12:14:32+08:00 ] 127.0.0.1 /upload/2017-12-21/thumb_5a3b4cca7e99c.jpg
INFO: [ app_init ] --START--
INFO: Run Behavior\BuildLiteBehavior [ RunTime:0.000012s ]
INFO: [ app_init ] --END-- [ RunTime:0.000411s ]
ERR: 无法加载模块:Upload

[ 2018-07-03T12:14:32+08:00 ] 127.0.0.1 /upload/2017-12-21/thumb_5a3b4ced009e0.jpg
INFO: [ app_init ] --START--
INFO: Run Behavior\BuildLiteBehavior [ RunTime:0.000014s ]
INFO: [ app_init ] --END-- [ RunTime:0.000552s ]
ERR: 无法加载模块:Upload

[ 2018-07-03T14:16:35+08:00 ] 127.0.0.1 /upload/2017-12-21/thumb_5a3b4c3502afd.jpg
INFO: [ app_init ] --START--
INFO: Run Behavior\BuildLiteBehavior [ RunTime:0.000012s ]
INFO: [ app_init ] --END-- [ RunTime:0.000425s ]
ERR: 无法加载模块:Upload

[ 2018-07-03T14:16:35+08:00 ] 127.0.0.1 /upload/2017-12-21/thumb_5a3b4cca7e99c.jpg
INFO: [ app_init ] --START--
INFO: Run Behavior\BuildLiteBehavior [ RunTime:0.000013s ]
INFO: [ app_init ] --END-- [ RunTime:0.000554s ]
ERR: 无法加载模块:Upload

[ 2018-07-03T14:16:35+08:00 ] 127.0.0.1 /upload/2017-12-21/thumb_5a3b4af4d02d5.jpg
INFO: [ app_init ] --START--
INFO: Run Behavior\BuildLiteBehavior [ RunTime:0.000049s ]
INFO: [ app_init ] --END-- [ RunTime:0.004101s ]
ERR: 无法加载模块:Upload

[ 2018-07-03T14:16:35+08:00 ] 127.0.0.1 /upload/2017-12-21/thumb_5a3b4ced009e0.jpg
INFO: [ app_init ] --START--
INFO: Run Behavior\BuildLiteBehavior [ RunTime:0.000015s ]
INFO: [ app_init ] --END-- [ RunTime:0.000535s ]
ERR: 无法加载模块:Upload

[ 2018-07-03T14:32:04+08:00 ] 127.0.0.1 /upload/2017-12-21/thumb_5a3b4af4d02d5.jpg
INFO: [ app_init ] --START--
INFO: Run Behavior\BuildLiteBehavior [ RunTime:0.000014s ]
INFO: [ app_init ] --END-- [ RunTime:0.000470s ]
ERR: 无法加载模块:Upload

[ 2018-07-03T14:32:04+08:00 ] 127.0.0.1 /upload/2017-12-21/thumb_5a3b4c3502afd.jpg
INFO: [ app_init ] --START--
INFO: Run Behavior\BuildLiteBehavior [ RunTime:0.000012s ]
INFO: [ app_init ] --END-- [ RunTime:0.000437s ]
ERR: 无法加载模块:Upload

[ 2018-07-03T14:32:04+08:00 ] 127.0.0.1 /upload/2017-12-21/thumb_5a3b4cca7e99c.jpg
INFO: [ app_init ] --START--
INFO: Run Behavior\BuildLiteBehavior [ RunTime:0.000012s ]
INFO: [ app_init ] --END-- [ RunTime:0.000480s ]
ERR: 无法加载模块:Upload

[ 2018-07-03T14:32:04+08:00 ] 127.0.0.1 /upload/2017-12-21/thumb_5a3b4ced009e0.jpg
INFO: [ app_init ] --START--
INFO: Run Behavior\BuildLiteBehavior [ RunTime:0.000012s ]
INFO: [ app_init ] --END-- [ RunTime:0.000409s ]
ERR: 无法加载模块:Upload

[ 2018-07-03T14:32:09+08:00 ] 127.0.0.1 /upload/2017-12-21/thumb_5a3b4af4d02d5.jpg
INFO: [ app_init ] --START--
INFO: Run Behavior\BuildLiteBehavior [ RunTime:0.000013s ]
INFO: [ app_init ] --END-- [ RunTime:0.000455s ]
ERR: 无法加载模块:Upload

[ 2018-07-03T14:32:09+08:00 ] 127.0.0.1 /upload/2017-12-21/thumb_5a3b4c3502afd.jpg
INFO: [ app_init ] --START--
INFO: Run Behavior\BuildLiteBehavior [ RunTime:0.000012s ]
INFO: [ app_init ] --END-- [ RunTime:0.000463s ]
ERR: 无法加载模块:Upload

[ 2018-07-03T14:32:09+08:00 ] 127.0.0.1 /upload/2017-12-21/thumb_5a3b4ced009e0.jpg
INFO: [ app_init ] --START--
INFO: Run Behavior\BuildLiteBehavior [ RunTime:0.000014s ]
INFO: [ app_init ] --END-- [ RunTime:0.000429s ]
ERR: 无法加载模块:Upload

[ 2018-07-03T14:32:09+08:00 ] 127.0.0.1 /upload/2017-12-21/thumb_5a3b4cca7e99c.jpg
INFO: [ app_init ] --START--
INFO: Run Behavior\BuildLiteBehavior [ RunTime:0.000013s ]
INFO: [ app_init ] --END-- [ RunTime:0.000442s ]
ERR: 无法加载模块:Upload

[ 2018-07-03T14:32:15+08:00 ] 127.0.0.1 /upload/2017-12-21/thumb_5a3b4c3502afd.jpg
INFO: [ app_init ] --START--
INFO: Run Behavior\BuildLiteBehavior [ RunTime:0.000012s ]
INFO: [ app_init ] --END-- [ RunTime:0.000365s ]
ERR: 无法加载模块:Upload

[ 2018-07-03T14:32:15+08:00 ] 127.0.0.1 /upload/2017-12-21/thumb_5a3b4af4d02d5.jpg
INFO: [ app_init ] --START--
INFO: Run Behavior\BuildLiteBehavior [ RunTime:0.000013s ]
INFO: [ app_init ] --END-- [ RunTime:0.000445s ]
ERR: 无法加载模块:Upload

[ 2018-07-03T14:32:15+08:00 ] 127.0.0.1 /upload/2017-12-21/thumb_5a3b4cca7e99c.jpg
INFO: [ app_init ] --START--
INFO: Run Behavior\BuildLiteBehavior [ RunTime:0.000029s ]
INFO: [ app_init ] --END-- [ RunTime:0.002808s ]
ERR: 无法加载模块:Upload

[ 2018-07-03T14:32:15+08:00 ] 127.0.0.1 /upload/2017-12-21/thumb_5a3b4ced009e0.jpg
INFO: [ app_init ] --START--
INFO: Run Behavior\BuildLiteBehavior [ RunTime:0.000012s ]
INFO: [ app_init ] --END-- [ RunTime:0.000474s ]
ERR: 无法加载模块:Upload

[ 2018-07-03T14:32:21+08:00 ] 127.0.0.1 /upload/2017-12-21/thumb_5a3b4af4d02d5.jpg
INFO: [ app_init ] --START--
INFO: Run Behavior\BuildLiteBehavior [ RunTime:0.000012s ]
INFO: [ app_init ] --END-- [ RunTime:0.000423s ]
ERR: 无法加载模块:Upload

[ 2018-07-03T14:32:21+08:00 ] 127.0.0.1 /upload/2017-12-21/thumb_5a3b4cca7e99c.jpg
INFO: [ app_init ] --START--
INFO: Run Behavior\BuildLiteBehavior [ RunTime:0.000011s ]
INFO: [ app_init ] --END-- [ RunTime:0.000371s ]
ERR: 无法加载模块:Upload

[ 2018-07-03T14:32:21+08:00 ] 127.0.0.1 /upload/2017-12-21/thumb_5a3b4c3502afd.jpg
INFO: [ app_init ] --START--
INFO: Run Behavior\BuildLiteBehavior [ RunTime:0.000015s ]
INFO: [ app_init ] --END-- [ RunTime:0.013576s ]
ERR: 无法加载模块:Upload

[ 2018-07-03T14:32:21+08:00 ] 127.0.0.1 /upload/2017-12-21/thumb_5a3b4ced009e0.jpg
INFO: [ app_init ] --START--
INFO: Run Behavior\BuildLiteBehavior [ RunTime:0.000012s ]
INFO: [ app_init ] --END-- [ RunTime:0.000423s ]
ERR: 无法加载模块:Upload

[ 2018-07-03T14:32:29+08:00 ] 127.0.0.1 /upload/2017-12-21/thumb_5a3b4af4d02d5.jpg
INFO: [ app_init ] --START--
INFO: Run Behavior\BuildLiteBehavior [ RunTime:0.000012s ]
INFO: [ app_init ] --END-- [ RunTime:0.000452s ]
ERR: 无法加载模块:Upload

[ 2018-07-03T14:32:29+08:00 ] 127.0.0.1 /upload/2017-12-21/thumb_5a3b4c3502afd.jpg
INFO: [ app_init ] --START--
INFO: Run Behavior\BuildLiteBehavior [ RunTime:0.000013s ]
INFO: [ app_init ] --END-- [ RunTime:0.000361s ]
ERR: 无法加载模块:Upload

[ 2018-07-03T14:32:29+08:00 ] 127.0.0.1 /upload/2017-12-21/thumb_5a3b4cca7e99c.jpg
INFO: [ app_init ] --START--
INFO: Run Behavior\BuildLiteBehavior [ RunTime:0.000012s ]
INFO: [ app_init ] --END-- [ RunTime:0.000420s ]
ERR: 无法加载模块:Upload

[ 2018-07-03T14:32:29+08:00 ] 127.0.0.1 /upload/2017-12-21/thumb_5a3b4ced009e0.jpg
INFO: [ app_init ] --START--
INFO: Run Behavior\BuildLiteBehavior [ RunTime:0.000014s ]
INFO: [ app_init ] --END-- [ RunTime:0.000495s ]
ERR: 无法加载模块:Upload

[ 2018-07-03T14:40:17+08:00 ] 127.0.0.1 /upload/2017-12-21/thumb_5a3b4af4d02d5.jpg
INFO: [ app_init ] --START--
INFO: Run Behavior\BuildLiteBehavior [ RunTime:0.000018s ]
INFO: [ app_init ] --END-- [ RunTime:0.000547s ]
ERR: 无法加载模块:Upload

[ 2018-07-03T14:45:24+08:00 ] 127.0.0.1 /upload/2017-12-21/thumb_5a3b4af4d02d5.jpg
INFO: [ app_init ] --START--
INFO: Run Behavior\BuildLiteBehavior [ RunTime:0.000017s ]
INFO: [ app_init ] --END-- [ RunTime:0.000501s ]
ERR: 无法加载模块:Upload

[ 2018-07-03T14:45:24+08:00 ] 127.0.0.1 /upload/2017-12-21/thumb_5a3b4c3502afd.jpg
INFO: [ app_init ] --START--
INFO: Run Behavior\BuildLiteBehavior [ RunTime:0.000013s ]
INFO: [ app_init ] --END-- [ RunTime:0.000417s ]
ERR: 无法加载模块:Upload

[ 2018-07-03T14:48:26+08:00 ] 127.0.0.1 /upload/2017-12-21/thumb_5a3b4af4d02d5.jpg
INFO: [ app_init ] --START--
INFO: Run Behavior\BuildLiteBehavior [ RunTime:0.000015s ]
INFO: [ app_init ] --END-- [ RunTime:0.000489s ]
ERR: 无法加载模块:Upload

[ 2018-07-03T14:48:26+08:00 ] 127.0.0.1 /upload/2017-12-21/thumb_5a3b4c3502afd.jpg
INFO: [ app_init ] --START--
INFO: Run Behavior\BuildLiteBehavior [ RunTime:0.000165s ]
INFO: [ app_init ] --END-- [ RunTime:0.001666s ]
ERR: 无法加载模块:Upload

[ 2018-07-03T14:50:02+08:00 ] 127.0.0.1 /upload/2017-12-21/thumb_5a3b4af4d02d5.jpg
INFO: [ app_init ] --START--
INFO: Run Behavior\BuildLiteBehavior [ RunTime:0.000015s ]
INFO: [ app_init ] --END-- [ RunTime:0.000615s ]
ERR: 无法加载模块:Upload

[ 2018-07-03T14:50:02+08:00 ] 127.0.0.1 /upload/2017-12-21/thumb_5a3b4c3502afd.jpg
INFO: [ app_init ] --START--
INFO: Run Behavior\BuildLiteBehavior [ RunTime:0.000014s ]
INFO: [ app_init ] --END-- [ RunTime:0.000490s ]
ERR: 无法加载模块:Upload

[ 2018-07-03T14:50:13+08:00 ] 127.0.0.1 /Public/Home/images/zoomloader.gif
INFO: [ app_init ] --START--
INFO: Run Behavior\BuildLiteBehavior [ RunTime:0.000016s ]
INFO: [ app_init ] --END-- [ RunTime:0.000581s ]
ERR: 无法加载模块:Public

[ 2018-07-03T14:53:54+08:00 ] 127.0.0.1 /Public/Home/images/zoomloader.gif
INFO: [ app_init ] --START--
INFO: Run Behavior\BuildLiteBehavior [ RunTime:0.000012s ]
INFO: [ app_init ] --END-- [ RunTime:0.000419s ]
ERR: 无法加载模块:Public

[ 2018-07-03T14:54:01+08:00 ] 127.0.0.1 /Public/Home/images/zoomloader.gif
INFO: [ app_init ] --START--
INFO: Run Behavior\BuildLiteBehavior [ RunTime:0.000012s ]
INFO: [ app_init ] --END-- [ RunTime:0.000391s ]
ERR: 无法加载模块:Public

[ 2018-07-03T14:58:49+08:00 ] 127.0.0.1 /Public/Home/images/zoomloader.gif
INFO: [ app_init ] --START--
INFO: Run Behavior\BuildLiteBehavior [ RunTime:0.000012s ]
INFO: [ app_init ] --END-- [ RunTime:0.000409s ]
ERR: 无法加载模块:Public

[ 2018-07-03T14:58:50+08:00 ] 127.0.0.1 /Public/Home/images/zoomloader.gif
INFO: [ app_init ] --START--
INFO: Run Behavior\BuildLiteBehavior [ RunTime:0.000013s ]
INFO: [ app_init ] --END-- [ RunTime:0.000466s ]
ERR: 无法加载模块:Public

[ 2018-07-03T14:59:05+08:00 ] 127.0.0.1 /Public/Home/images/zoomloader.gif
INFO: [ app_init ] --START--
INFO: Run Behavior\BuildLiteBehavior [ RunTime:0.000011s ]
INFO: [ app_init ] --END-- [ RunTime:0.000458s ]
ERR: 无法加载模块:Public

[ 2018-07-03T14:59:44+08:00 ] 127.0.0.1 /Public/Home/images/zoomloader.gif
INFO: [ app_init ] --START--
INFO: Run Behavior\BuildLiteBehavior [ RunTime:0.000014s ]
INFO: [ app_init ] --END-- [ RunTime:0.000442s ]
ERR: 无法加载模块:Public

[ 2018-07-03T15:01:34+08:00 ] 127.0.0.1 /Public/Home/images/zoomloader.gif
INFO: [ app_init ] --START--
INFO: Run Behavior\BuildLiteBehavior [ RunTime:0.000013s ]
INFO: [ app_init ] --END-- [ RunTime:0.000460s ]
ERR: 无法加载模块:Public

[ 2018-07-03T15:01:39+08:00 ] 127.0.0.1 /Public/Home/images/zoomloader.gif
INFO: [ app_init ] --START--
INFO: Run Behavior\BuildLiteBehavior [ RunTime:0.000011s ]
INFO: [ app_init ] --END-- [ RunTime:0.000413s ]
ERR: 无法加载模块:Public

[ 2018-07-03T15:03:03+08:00 ] 127.0.0.1 /Public/Home/images/zoomloader.gif
INFO: [ app_init ] --START--
INFO: Run Behavior\BuildLiteBehavior [ RunTime:0.000016s ]
INFO: [ app_init ] --END-- [ RunTime:0.000406s ]
ERR: 无法加载模块:Public

[ 2018-07-03T15:03:11+08:00 ] 127.0.0.1 /Public/Home/images/zoomloader.gif
INFO: [ app_init ] --START--
INFO: Run Behavior\BuildLiteBehavior [ RunTime:0.000012s ]
INFO: [ app_init ] --END-- [ RunTime:0.000331s ]
ERR: 无法加载模块:Public

