[ 2018-07-05T10:40:03+08:00 ] 127.0.0.1 /itshop/upload/2017-12-21/thumb_5a3b4ced009e0.jpg
INFO: [ app_init ] --START--
INFO: Run Behavior\BuildLiteBehavior [ RunTime:0.000013s ]
INFO: [ app_init ] --END-- [ RunTime:0.000391s ]
ERR: 无法加载模块:Upload

[ 2018-07-05T10:40:03+08:00 ] 127.0.0.1 /itshop/upload/2017-12-21/thumb_5a3b4c3502afd.jpg
INFO: [ app_init ] --START--
INFO: Run Behavior\BuildLiteBehavior [ RunTime:0.000014s ]
INFO: [ app_init ] --END-- [ RunTime:0.000372s ]
ERR: 无法加载模块:Upload

[ 2018-07-05T10:40:03+08:00 ] 127.0.0.1 /itshop/upload/2017-12-21/thumb_5a3b4cca7e99c.jpg
INFO: [ app_init ] --START--
INFO: Run Behavior\BuildLiteBehavior [ RunTime:0.000014s ]
INFO: [ app_init ] --END-- [ RunTime:0.000374s ]
ERR: 无法加载模块:Upload

[ 2018-07-05T10:40:03+08:00 ] 127.0.0.1 /itshop/upload/2017-12-21/thumb_5a3b4af4d02d5.jpg
INFO: [ app_init ] --START--
INFO: Run Behavior\BuildLiteBehavior [ RunTime:0.000012s ]
INFO: [ app_init ] --END-- [ RunTime:0.000424s ]
ERR: 无法加载模块:Upload

[ 2018-07-05T15:06:28+08:00 ] 127.0.0.1 /itshop/upload/2017-12-21/thumb_5a3b4c3502afd.jpg
INFO: [ app_init ] --START--
INFO: Run Behavior\BuildLiteBehavior [ RunTime:0.000016s ]
INFO: [ app_init ] --END-- [ RunTime:0.000492s ]
ERR: 无法加载模块:Upload

[ 2018-07-05T15:06:28+08:00 ] 127.0.0.1 /itshop/upload/2017-12-21/thumb_5a3b4af4d02d5.jpg
INFO: [ app_init ] --START--
INFO: Run Behavior\BuildLiteBehavior [ RunTime:0.000013s ]
INFO: [ app_init ] --END-- [ RunTime:0.000434s ]
ERR: 无法加载模块:Upload

[ 2018-07-05T15:46:28+08:00 ] 127.0.0.1 /itshop/upload/2017-12-21/thumb_5a3b4c3502afd.jpg
INFO: [ app_init ] --START--
INFO: Run Behavior\BuildLiteBehavior [ RunTime:0.000015s ]
INFO: [ app_init ] --END-- [ RunTime:0.000723s ]
ERR: 无法加载模块:Upload

[ 2018-07-05T15:46:28+08:00 ] 127.0.0.1 /itshop/upload/2017-12-21/thumb_5a3b4cca7e99c.jpg
INFO: [ app_init ] --START--
INFO: Run Behavior\BuildLiteBehavior [ RunTime:0.000013s ]
INFO: [ app_init ] --END-- [ RunTime:0.000381s ]
ERR: 无法加载模块:Upload

[ 2018-07-05T15:46:28+08:00 ] 127.0.0.1 /itshop/upload/2017-12-21/thumb_5a3b4ced009e0.jpg
INFO: [ app_init ] --START--
INFO: Run Behavior\BuildLiteBehavior [ RunTime:0.000014s ]
INFO: [ app_init ] --END-- [ RunTime:0.000546s ]
ERR: 无法加载模块:Upload

[ 2018-07-05T15:46:28+08:00 ] 127.0.0.1 /itshop/upload/2017-12-21/thumb_5a3b4af4d02d5.jpg
INFO: [ app_init ] --START--
INFO: Run Behavior\BuildLiteBehavior [ RunTime:0.000012s ]
INFO: [ app_init ] --END-- [ RunTime:0.000347s ]
ERR: 无法加载模块:Upload

[ 2018-07-05T15:46:29+08:00 ] 127.0.0.1 /itshop/upload/2017-12-21/thumb_5a3b4c3502afd.jpg
INFO: [ app_init ] --START--
INFO: Run Behavior\BuildLiteBehavior [ RunTime:0.000015s ]
INFO: [ app_init ] --END-- [ RunTime:0.000513s ]
ERR: 无法加载模块:Upload

[ 2018-07-05T15:46:29+08:00 ] 127.0.0.1 /itshop/upload/2017-12-21/thumb_5a3b4af4d02d5.jpg
INFO: [ app_init ] --START--
INFO: Run Behavior\BuildLiteBehavior [ RunTime:0.000014s ]
INFO: [ app_init ] --END-- [ RunTime:0.000496s ]
ERR: 无法加载模块:Upload

[ 2018-07-05T15:46:29+08:00 ] 127.0.0.1 /itshop/upload/2017-12-21/thumb_5a3b4cca7e99c.jpg
INFO: [ app_init ] --START--
INFO: Run Behavior\BuildLiteBehavior [ RunTime:0.000013s ]
INFO: [ app_init ] --END-- [ RunTime:0.000359s ]
ERR: 无法加载模块:Upload

[ 2018-07-05T15:46:29+08:00 ] 127.0.0.1 /itshop/upload/2017-12-21/thumb_5a3b4ced009e0.jpg
INFO: [ app_init ] --START--
INFO: Run Behavior\BuildLiteBehavior [ RunTime:0.000016s ]
INFO: [ app_init ] --END-- [ RunTime:0.001147s ]
ERR: 无法加载模块:Upload

[ 2018-07-05T15:48:28+08:00 ] 127.0.0.1 /itshop/upload/2017-12-21/thumb_5a3b4af4d02d5.jpg
INFO: [ app_init ] --START--
INFO: Run Behavior\BuildLiteBehavior [ RunTime:0.000013s ]
INFO: [ app_init ] --END-- [ RunTime:0.000355s ]
ERR: 无法加载模块:Upload

[ 2018-07-05T15:48:28+08:00 ] 127.0.0.1 /itshop/upload/2017-12-21/thumb_5a3b4cca7e99c.jpg
INFO: [ app_init ] --START--
INFO: Run Behavior\BuildLiteBehavior [ RunTime:0.000016s ]
INFO: [ app_init ] --END-- [ RunTime:0.001684s ]
ERR: 无法加载模块:Upload

[ 2018-07-05T15:48:28+08:00 ] 127.0.0.1 /itshop/upload/2017-12-21/thumb_5a3b4c3502afd.jpg
INFO: [ app_init ] --START--
INFO: Run Behavior\BuildLiteBehavior [ RunTime:0.000012s ]
INFO: [ app_init ] --END-- [ RunTime:0.000428s ]
ERR: 无法加载模块:Upload

[ 2018-07-05T15:48:28+08:00 ] 127.0.0.1 /itshop/upload/2017-12-21/thumb_5a3b4ced009e0.jpg
INFO: [ app_init ] --START--
INFO: Run Behavior\BuildLiteBehavior [ RunTime:0.000016s ]
INFO: [ app_init ] --END-- [ RunTime:0.001243s ]
ERR: 无法加载模块:Upload

[ 2018-07-05T15:48:40+08:00 ] 127.0.0.1 /itshop/upload/2017-12-21/thumb_5a3b4af4d02d5.jpg
INFO: [ app_init ] --START--
INFO: Run Behavior\BuildLiteBehavior [ RunTime:0.000014s ]
INFO: [ app_init ] --END-- [ RunTime:0.000526s ]
ERR: 无法加载模块:Upload

[ 2018-07-05T15:48:40+08:00 ] 127.0.0.1 /itshop/upload/2017-12-21/thumb_5a3b4c3502afd.jpg
INFO: [ app_init ] --START--
INFO: Run Behavior\BuildLiteBehavior [ RunTime:0.000011s ]
INFO: [ app_init ] --END-- [ RunTime:0.000352s ]
ERR: 无法加载模块:Upload

[ 2018-07-05T15:48:40+08:00 ] 127.0.0.1 /itshop/upload/2017-12-21/thumb_5a3b4ced009e0.jpg
INFO: [ app_init ] --START--
INFO: Run Behavior\BuildLiteBehavior [ RunTime:0.000013s ]
INFO: [ app_init ] --END-- [ RunTime:0.000344s ]
ERR: 无法加载模块:Upload

[ 2018-07-05T15:48:40+08:00 ] 127.0.0.1 /itshop/upload/2017-12-21/thumb_5a3b4cca7e99c.jpg
INFO: [ app_init ] --START--
INFO: Run Behavior\BuildLiteBehavior [ RunTime:0.000012s ]
INFO: [ app_init ] --END-- [ RunTime:0.000418s ]
ERR: 无法加载模块:Upload

[ 2018-07-05T15:48:58+08:00 ] 127.0.0.1 /itshop/upload/2017-12-21/thumb_5a3b4af4d02d5.jpg
INFO: [ app_init ] --START--
INFO: Run Behavior\BuildLiteBehavior [ RunTime:0.000015s ]
INFO: [ app_init ] --END-- [ RunTime:0.000436s ]
ERR: 无法加载模块:Upload

[ 2018-07-05T15:48:58+08:00 ] 127.0.0.1 /itshop/upload/2017-12-21/thumb_5a3b4c3502afd.jpg
INFO: [ app_init ] --START--
INFO: Run Behavior\BuildLiteBehavior [ RunTime:0.000013s ]
INFO: [ app_init ] --END-- [ RunTime:0.000496s ]
ERR: 无法加载模块:Upload

[ 2018-07-05T15:48:58+08:00 ] 127.0.0.1 /itshop/upload/2017-12-21/thumb_5a3b4cca7e99c.jpg
INFO: [ app_init ] --START--
INFO: Run Behavior\BuildLiteBehavior [ RunTime:0.000013s ]
INFO: [ app_init ] --END-- [ RunTime:0.000355s ]
ERR: 无法加载模块:Upload

[ 2018-07-05T15:48:58+08:00 ] 127.0.0.1 /itshop/upload/2017-12-21/thumb_5a3b4ced009e0.jpg
INFO: [ app_init ] --START--
INFO: Run Behavior\BuildLiteBehavior [ RunTime:0.000013s ]
INFO: [ app_init ] --END-- [ RunTime:0.000434s ]
ERR: 无法加载模块:Upload

[ 2018-07-05T15:49:04+08:00 ] 127.0.0.1 /itshop/upload/2017-12-21/thumb_5a3b4af4d02d5.jpg
INFO: [ app_init ] --START--
INFO: Run Behavior\BuildLiteBehavior [ RunTime:0.000014s ]
INFO: [ app_init ] --END-- [ RunTime:0.000578s ]
ERR: 无法加载模块:Upload

[ 2018-07-05T15:49:04+08:00 ] 127.0.0.1 /itshop/upload/2017-12-21/thumb_5a3b4c3502afd.jpg
INFO: [ app_init ] --START--
INFO: Run Behavior\BuildLiteBehavior [ RunTime:0.000013s ]
INFO: [ app_init ] --END-- [ RunTime:0.000425s ]
ERR: 无法加载模块:Upload

[ 2018-07-05T15:49:04+08:00 ] 127.0.0.1 /itshop/upload/2017-12-21/thumb_5a3b4cca7e99c.jpg
INFO: [ app_init ] --START--
INFO: Run Behavior\BuildLiteBehavior [ RunTime:0.000014s ]
INFO: [ app_init ] --END-- [ RunTime:0.000389s ]
ERR: 无法加载模块:Upload

[ 2018-07-05T15:49:04+08:00 ] 127.0.0.1 /itshop/upload/2017-12-21/thumb_5a3b4ced009e0.jpg
INFO: [ app_init ] --START--
INFO: Run Behavior\BuildLiteBehavior [ RunTime:0.000013s ]
INFO: [ app_init ] --END-- [ RunTime:0.000352s ]
ERR: 无法加载模块:Upload

[ 2018-07-05T15:50:48+08:00 ] 127.0.0.1 /itshop/upload/2017-12-21/thumb_5a3b4af4d02d5.jpg
INFO: [ app_init ] --START--
INFO: Run Behavior\BuildLiteBehavior [ RunTime:0.000013s ]
INFO: [ app_init ] --END-- [ RunTime:0.000371s ]
ERR: 无法加载模块:Upload

[ 2018-07-05T15:50:48+08:00 ] 127.0.0.1 /itshop/upload/2017-12-21/thumb_5a3b4c3502afd.jpg
INFO: [ app_init ] --START--
INFO: Run Behavior\BuildLiteBehavior [ RunTime:0.000015s ]
INFO: [ app_init ] --END-- [ RunTime:0.000494s ]
ERR: 无法加载模块:Upload

[ 2018-07-05T15:50:48+08:00 ] 127.0.0.1 /itshop/upload/2017-12-21/thumb_5a3b4cca7e99c.jpg
INFO: [ app_init ] --START--
INFO: Run Behavior\BuildLiteBehavior [ RunTime:0.000017s ]
INFO: [ app_init ] --END-- [ RunTime:0.000366s ]
ERR: 无法加载模块:Upload

[ 2018-07-05T15:50:48+08:00 ] 127.0.0.1 /itshop/upload/2017-12-21/thumb_5a3b4ced009e0.jpg
INFO: [ app_init ] --START--
INFO: Run Behavior\BuildLiteBehavior [ RunTime:0.000015s ]
INFO: [ app_init ] --END-- [ RunTime:0.000469s ]
ERR: 无法加载模块:Upload

